2018-08-09 09:25:05  INFO:---加载待检索文件成功！----------------------------------------------------------------------------------------------------------------------------------------- [com.yonyou.i18n.core.ScanAllFiles.loadNodes(ScanAllFiles.java:62)]

2018-08-09 09:25:05  INFO:--path:--C:\Users\wenfa\Desktop\iuap-i18n\workbench\buyer-claim-judge\components\addclaim.js [com.yonyou.i18n.core.MatchChar.search(MatchChar.java:58)]

2018-08-09 09:25:05  INFO:--colume:--43--name:--数据填写错误 [com.yonyou.i18n.utils.StringUtils.getLineChineseList(StringUtils.java:117)]

2018-08-09 09:25:05  INFO:--info:--{43=数据填写错误} [com.yonyou.i18n.core.MatchChar.search(MatchChar.java:93)]

2018-08-09 09:25:05  INFO:--colume:--41--name:--手工新增索赔单 [com.yonyou.i18n.utils.StringUtils.getLineChineseList(StringUtils.java:117)]

2018-08-09 09:25:05  INFO:--colume:--51--name:--索赔单详情 [com.yonyou.i18n.utils.StringUtils.getLineChineseList(StringUtils.java:117)]

2018-08-09 09:25:05  INFO:--info:--{41=手工新增索赔单, 51=索赔单详情} [com.yonyou.i18n.core.MatchChar.search(MatchChar.java:93)]

2018-08-09 09:25:05  INFO:--colume:--82--name:--取消 [com.yonyou.i18n.utils.StringUtils.getLineChineseList(StringUtils.java:117)]

2018-08-09 09:25:05  INFO:--info:--{82=取消} [com.yonyou.i18n.core.MatchChar.search(MatchChar.java:93)]

2018-08-09 09:25:05  INFO:--colume:--78--name:--保存 [com.yonyou.i18n.utils.StringUtils.getLineChineseList(StringUtils.java:117)]

2018-08-09 09:25:05  INFO:--info:--{78=保存} [com.yonyou.i18n.core.MatchChar.search(MatchChar.java:93)]

2018-08-09 09:25:05  INFO:--colume:--31--name:--索赔单号： [com.yonyou.i18n.utils.StringUtils.getLineChineseList(StringUtils.java:117)]

2018-08-09 09:25:05  INFO:--info:--{31=索赔单号：} [com.yonyou.i18n.core.MatchChar.search(MatchChar.java:93)]

2018-08-09 09:25:05  INFO:--colume:--41--name:--保存后系统按规则自动生成 [com.yonyou.i18n.utils.StringUtils.getLineChineseList(StringUtils.java:117)]

2018-08-09 09:25:05  INFO:--info:--{41=保存后系统按规则自动生成} [com.yonyou.i18n.core.MatchChar.search(MatchChar.java:93)]

2018-08-09 09:25:05  INFO:--colume:--31--name:--分类： [com.yonyou.i18n.utils.StringUtils.getLineChineseList(StringUtils.java:117)]

2018-08-09 09:25:05  INFO:--info:--{31=分类：} [com.yonyou.i18n.core.MatchChar.search(MatchChar.java:93)]

2018-08-09 09:25:05  INFO:无法定位该值：分类： [com.yonyou.i18n.utils.StringUtils.finalParse(StringUtils.java:237)]

2018-08-09 09:25:05  INFO:--colume:--62--name:--请输入供应商名称 [com.yonyou.i18n.utils.StringUtils.getLineChineseList(StringUtils.java:117)]

2018-08-09 09:25:05  INFO:--info:--{62=请输入供应商名称} [com.yonyou.i18n.core.MatchChar.search(MatchChar.java:93)]

2018-08-09 09:25:05  INFO:--colume:--45--name:--请选择 [com.yonyou.i18n.utils.StringUtils.getLineChineseList(StringUtils.java:117)]

2018-08-09 09:25:05  INFO:--info:--{45=请选择} [com.yonyou.i18n.core.MatchChar.search(MatchChar.java:93)]

2018-08-09 09:25:05  INFO:--colume:--31--name:--供应商名称： [com.yonyou.i18n.utils.StringUtils.getLineChineseList(StringUtils.java:117)]

2018-08-09 09:25:05  INFO:--info:--{31=供应商名称：} [com.yonyou.i18n.core.MatchChar.search(MatchChar.java:93)]

2018-08-09 09:25:05  INFO:无法定位该值：供应商名称： [com.yonyou.i18n.utils.StringUtils.finalParse(StringUtils.java:237)]

2018-08-09 09:25:05  INFO:--colume:--66--name:--请输入供应商名称 [com.yonyou.i18n.utils.StringUtils.getLineChineseList(StringUtils.java:117)]

2018-08-09 09:25:05  INFO:--info:--{66=请输入供应商名称} [com.yonyou.i18n.core.MatchChar.search(MatchChar.java:93)]

2018-08-09 09:25:05  INFO:--colume:--31--name:--供应商代码： [com.yonyou.i18n.utils.StringUtils.getLineChineseList(StringUtils.java:117)]

2018-08-09 09:25:05  INFO:--info:--{31=供应商代码：} [com.yonyou.i18n.core.MatchChar.search(MatchChar.java:93)]

2018-08-09 09:25:05  INFO:无法定位该值：供应商代码： [com.yonyou.i18n.utils.StringUtils.finalParse(StringUtils.java:237)]

2018-08-09 09:25:05  INFO:--colume:--66--name:--请输入供应商代码 [com.yonyou.i18n.utils.StringUtils.getLineChineseList(StringUtils.java:117)]

2018-08-09 09:25:05  INFO:--info:--{66=请输入供应商代码} [com.yonyou.i18n.core.MatchChar.search(MatchChar.java:93)]

2018-08-09 09:25:05  INFO:--colume:--31--name:--应索赔金额： [com.yonyou.i18n.utils.StringUtils.getLineChineseList(StringUtils.java:117)]

2018-08-09 09:25:05  INFO:--info:--{31=应索赔金额：} [com.yonyou.i18n.core.MatchChar.search(MatchChar.java:93)]

2018-08-09 09:25:05  INFO:无法定位该值：应索赔金额： [com.yonyou.i18n.utils.StringUtils.finalParse(StringUtils.java:237)]

2018-08-09 09:25:05  INFO:--colume:--66--name:--请输入应索赔金额 [com.yonyou.i18n.utils.StringUtils.getLineChineseList(StringUtils.java:117)]

2018-08-09 09:25:05  INFO:--info:--{66=请输入应索赔金额} [com.yonyou.i18n.core.MatchChar.search(MatchChar.java:93)]

2018-08-09 09:25:05  INFO:--colume:--31--name:--实际索赔金额： [com.yonyou.i18n.utils.StringUtils.getLineChineseList(StringUtils.java:117)]

2018-08-09 09:25:05  INFO:--info:--{31=实际索赔金额：} [com.yonyou.i18n.core.MatchChar.search(MatchChar.java:93)]

2018-08-09 09:25:05  INFO:无法定位该值：实际索赔金额： [com.yonyou.i18n.utils.StringUtils.finalParse(StringUtils.java:237)]

2018-08-09 09:25:05  INFO:--colume:--66--name:--请输入实际索赔金额 [com.yonyou.i18n.utils.StringUtils.getLineChineseList(StringUtils.java:117)]

2018-08-09 09:25:05  INFO:--info:--{66=请输入实际索赔金额} [com.yonyou.i18n.core.MatchChar.search(MatchChar.java:93)]

2018-08-09 09:25:05  INFO:--colume:--31--name:--责任方： [com.yonyou.i18n.utils.StringUtils.getLineChineseList(StringUtils.java:117)]

2018-08-09 09:25:05  INFO:--info:--{31=责任方：} [com.yonyou.i18n.core.MatchChar.search(MatchChar.java:93)]

2018-08-09 09:25:05  INFO:无法定位该值：责任方： [com.yonyou.i18n.utils.StringUtils.finalParse(StringUtils.java:237)]

2018-08-09 09:25:05  INFO:--colume:--66--name:--请输入责任方 [com.yonyou.i18n.utils.StringUtils.getLineChineseList(StringUtils.java:117)]

2018-08-09 09:25:05  INFO:--info:--{66=请输入责任方} [com.yonyou.i18n.core.MatchChar.search(MatchChar.java:93)]

2018-08-09 09:25:05  INFO:--colume:--31--name:--工厂： [com.yonyou.i18n.utils.StringUtils.getLineChineseList(StringUtils.java:117)]

2018-08-09 09:25:05  INFO:--info:--{31=工厂：} [com.yonyou.i18n.core.MatchChar.search(MatchChar.java:93)]

2018-08-09 09:25:05  INFO:--colume:--67--name:--请输入工厂 [com.yonyou.i18n.utils.StringUtils.getLineChineseList(StringUtils.java:117)]

2018-08-09 09:25:05  INFO:--info:--{67=请输入工厂} [com.yonyou.i18n.core.MatchChar.search(MatchChar.java:93)]

2018-08-09 09:25:05  INFO:--colume:--31--name:--故障单号： [com.yonyou.i18n.utils.StringUtils.getLineChineseList(StringUtils.java:117)]

2018-08-09 09:25:05  INFO:--info:--{31=故障单号：} [com.yonyou.i18n.core.MatchChar.search(MatchChar.java:93)]

2018-08-09 09:25:05  INFO:无法定位该值：故障单号： [com.yonyou.i18n.utils.StringUtils.finalParse(StringUtils.java:237)]

2018-08-09 09:25:05  INFO:--colume:--66--name:--请输入故障单号 [com.yonyou.i18n.utils.StringUtils.getLineChineseList(StringUtils.java:117)]

2018-08-09 09:25:05  INFO:--info:--{66=请输入故障单号} [com.yonyou.i18n.core.MatchChar.search(MatchChar.java:93)]

2018-08-09 09:25:05  INFO:--colume:--31--name:--主机编号： [com.yonyou.i18n.utils.StringUtils.getLineChineseList(StringUtils.java:117)]

2018-08-09 09:25:06  INFO:--info:--{31=主机编号：} [com.yonyou.i18n.core.MatchChar.search(MatchChar.java:93)]

2018-08-09 09:25:06  INFO:--colume:--67--name:--请输入主机编号 [com.yonyou.i18n.utils.StringUtils.getLineChineseList(StringUtils.java:117)]

2018-08-09 09:25:06  INFO:--info:--{67=请输入主机编号} [com.yonyou.i18n.core.MatchChar.search(MatchChar.java:93)]

2018-08-09 09:25:06  INFO:--colume:--31--name:--索赔件编码： [com.yonyou.i18n.utils.StringUtils.getLineChineseList(StringUtils.java:117)]

2018-08-09 09:25:06  INFO:--info:--{31=索赔件编码：} [com.yonyou.i18n.core.MatchChar.search(MatchChar.java:93)]

2018-08-09 09:25:06  INFO:无法定位该值：索赔件编码： [com.yonyou.i18n.utils.StringUtils.finalParse(StringUtils.java:237)]

2018-08-09 09:25:06  INFO:--colume:--66--name:--请输入索赔件编码 [com.yonyou.i18n.utils.StringUtils.getLineChineseList(StringUtils.java:117)]

2018-08-09 09:25:06  INFO:--info:--{66=请输入索赔件编码} [com.yonyou.i18n.core.MatchChar.search(MatchChar.java:93)]

2018-08-09 09:25:06  INFO:--colume:--31--name:--索赔件名称： [com.yonyou.i18n.utils.StringUtils.getLineChineseList(StringUtils.java:117)]

2018-08-09 09:25:06  INFO:--info:--{31=索赔件名称：} [com.yonyou.i18n.core.MatchChar.search(MatchChar.java:93)]

2018-08-09 09:25:06  INFO:无法定位该值：索赔件名称： [com.yonyou.i18n.utils.StringUtils.finalParse(StringUtils.java:237)]

2018-08-09 09:25:06  INFO:--colume:--66--name:--请输入索赔件名称 [com.yonyou.i18n.utils.StringUtils.getLineChineseList(StringUtils.java:117)]

2018-08-09 09:25:06  INFO:--info:--{66=请输入索赔件名称} [com.yonyou.i18n.core.MatchChar.search(MatchChar.java:93)]

2018-08-09 09:25:06  INFO:--colume:--43--name:--故障类型： [com.yonyou.i18n.utils.StringUtils.getLineChineseList(StringUtils.java:117)]

2018-08-09 09:25:06  INFO:--info:--{43=故障类型：} [com.yonyou.i18n.core.MatchChar.search(MatchChar.java:93)]

2018-08-09 09:25:06  INFO:无法定位该值：故障类型： [com.yonyou.i18n.utils.StringUtils.finalParse(StringUtils.java:237)]

2018-08-09 09:25:06  INFO:--colume:--57--name:--请选择 [com.yonyou.i18n.utils.StringUtils.getLineChineseList(StringUtils.java:117)]

2018-08-09 09:25:06  INFO:--info:--{57=请选择} [com.yonyou.i18n.core.MatchChar.search(MatchChar.java:93)]

2018-08-09 09:25:06  INFO:--colume:--31--name:--故障现象： [com.yonyou.i18n.utils.StringUtils.getLineChineseList(StringUtils.java:117)]

2018-08-09 09:25:06  INFO:--info:--{31=故障现象：} [com.yonyou.i18n.core.MatchChar.search(MatchChar.java:93)]

2018-08-09 09:25:06  INFO:--colume:--31--name:--使用单位： [com.yonyou.i18n.utils.StringUtils.getLineChineseList(StringUtils.java:117)]

2018-08-09 09:25:06  INFO:--info:--{31=使用单位：} [com.yonyou.i18n.core.MatchChar.search(MatchChar.java:93)]

2018-08-09 09:25:06  INFO:无法定位该值：使用单位： [com.yonyou.i18n.utils.StringUtils.finalParse(StringUtils.java:237)]

2018-08-09 09:25:06  INFO:--colume:--67--name:--请输入使用单位 [com.yonyou.i18n.utils.StringUtils.getLineChineseList(StringUtils.java:117)]

2018-08-09 09:25:06  INFO:--info:--{67=请输入使用单位} [com.yonyou.i18n.core.MatchChar.search(MatchChar.java:93)]

2018-08-09 09:25:06  INFO:--colume:--31--name:--数量： [com.yonyou.i18n.utils.StringUtils.getLineChineseList(StringUtils.java:117)]

2018-08-09 09:25:06  INFO:--info:--{31=数量：} [com.yonyou.i18n.core.MatchChar.search(MatchChar.java:93)]

2018-08-09 09:25:06  INFO:无法定位该值：数量： [com.yonyou.i18n.utils.StringUtils.finalParse(StringUtils.java:237)]

2018-08-09 09:25:06  INFO:--colume:--66--name:--请输入使用数量 [com.yonyou.i18n.utils.StringUtils.getLineChineseList(StringUtils.java:117)]

2018-08-09 09:25:06  INFO:--info:--{66=请输入使用数量} [com.yonyou.i18n.core.MatchChar.search(MatchChar.java:93)]

2018-08-09 09:25:06  INFO:--colume:--31--name:--赔付新件价格： [com.yonyou.i18n.utils.StringUtils.getLineChineseList(StringUtils.java:117)]

2018-08-09 09:25:06  INFO:--info:--{31=赔付新件价格：} [com.yonyou.i18n.core.MatchChar.search(MatchChar.java:93)]

2018-08-09 09:25:06  INFO:无法定位该值：赔付新件价格： [com.yonyou.i18n.utils.StringUtils.finalParse(StringUtils.java:237)]

2018-08-09 09:25:06  INFO:--colume:--66--name:--请输入赔付新件价格 [com.yonyou.i18n.utils.StringUtils.getLineChineseList(StringUtils.java:117)]

2018-08-09 09:25:06  INFO:--info:--{66=请输入赔付新件价格} [com.yonyou.i18n.core.MatchChar.search(MatchChar.java:93)]

2018-08-09 09:25:06  INFO:--colume:--43--name:--售后工时价格： [com.yonyou.i18n.utils.StringUtils.getLineChineseList(StringUtils.java:117)]

2018-08-09 09:25:06  INFO:--info:--{43=售后工时价格：} [com.yonyou.i18n.core.MatchChar.search(MatchChar.java:93)]

2018-08-09 09:25:06  INFO:无法定位该值：售后工时价格： [com.yonyou.i18n.utils.StringUtils.finalParse(StringUtils.java:237)]

2018-08-09 09:25:06  INFO:--colume:--78--name:--请输入售后工时价格 [com.yonyou.i18n.utils.StringUtils.getLineChineseList(StringUtils.java:117)]

2018-08-09 09:25:06  INFO:--info:--{78=请输入售后工时价格} [com.yonyou.i18n.core.MatchChar.search(MatchChar.java:93)]

2018-08-09 09:25:06  INFO:--colume:--43--name:--人员往返路费： [com.yonyou.i18n.utils.StringUtils.getLineChineseList(StringUtils.java:117)]

2018-08-09 09:25:06  INFO:--info:--{43=人员往返路费：} [com.yonyou.i18n.core.MatchChar.search(MatchChar.java:93)]

2018-08-09 09:25:06  INFO:--colume:--79--name:--请输入人员往返路费 [com.yonyou.i18n.utils.StringUtils.getLineChineseList(StringUtils.java:117)]

2018-08-09 09:25:06  INFO:--info:--{79=请输入人员往返路费} [com.yonyou.i18n.core.MatchChar.search(MatchChar.java:93)]

2018-08-09 09:25:06  INFO:--colume:--43--name:--人员食宿费： [com.yonyou.i18n.utils.StringUtils.getLineChineseList(StringUtils.java:117)]

2018-08-09 09:25:06  INFO:--info:--{43=人员食宿费：} [com.yonyou.i18n.core.MatchChar.search(MatchChar.java:93)]

2018-08-09 09:25:06  INFO:--colume:--79--name:--请输入人员食宿费 [com.yonyou.i18n.utils.StringUtils.getLineChineseList(StringUtils.java:117)]

2018-08-09 09:25:06  INFO:--info:--{79=请输入人员食宿费} [com.yonyou.i18n.core.MatchChar.search(MatchChar.java:93)]

2018-08-09 09:25:06  INFO:--colume:--43--name:--运输费： [com.yonyou.i18n.utils.StringUtils.getLineChineseList(StringUtils.java:117)]

2018-08-09 09:25:06  INFO:--info:--{43=运输费：} [com.yonyou.i18n.core.MatchChar.search(MatchChar.java:93)]

2018-08-09 09:25:06  INFO:--colume:--79--name:--请输入运输费 [com.yonyou.i18n.utils.StringUtils.getLineChineseList(StringUtils.java:117)]

2018-08-09 09:25:06  INFO:--info:--{79=请输入运输费} [com.yonyou.i18n.core.MatchChar.search(MatchChar.java:93)]

2018-08-09 09:25:06  INFO:--colume:--43--name:--油费： [com.yonyou.i18n.utils.StringUtils.getLineChineseList(StringUtils.java:117)]

2018-08-09 09:25:06  INFO:--info:--{43=油费：} [com.yonyou.i18n.core.MatchChar.search(MatchChar.java:93)]

2018-08-09 09:25:06  INFO:无法定位该值：油费： [com.yonyou.i18n.utils.StringUtils.finalParse(StringUtils.java:237)]

2018-08-09 09:25:06  INFO:--colume:--78--name:--请输入油费 [com.yonyou.i18n.utils.StringUtils.getLineChineseList(StringUtils.java:117)]

2018-08-09 09:25:06  INFO:--info:--{78=请输入油费} [com.yonyou.i18n.core.MatchChar.search(MatchChar.java:93)]

2018-08-09 09:25:06  INFO:--colume:--70--name:--厂内 [com.yonyou.i18n.utils.StringUtils.getLineChineseList(StringUtils.java:117)]

2018-08-09 09:25:06  INFO:--info:--{70=厂内} [com.yonyou.i18n.core.MatchChar.search(MatchChar.java:93)]

2018-08-09 09:25:06  INFO:--colume:--43--name:--厂内工时价格： [com.yonyou.i18n.utils.StringUtils.getLineChineseList(StringUtils.java:117)]

2018-08-09 09:25:06  INFO:--info:--{43=厂内工时价格：} [com.yonyou.i18n.core.MatchChar.search(MatchChar.java:93)]

2018-08-09 09:25:06  INFO:无法定位该值：厂内工时价格： [com.yonyou.i18n.utils.StringUtils.finalParse(StringUtils.java:237)]

2018-08-09 09:25:06  INFO:--colume:--79--name:--请输入厂内工时价格 [com.yonyou.i18n.utils.StringUtils.getLineChineseList(StringUtils.java:117)]

2018-08-09 09:25:06  INFO:--info:--{79=请输入厂内工时价格} [com.yonyou.i18n.core.MatchChar.search(MatchChar.java:93)]

2018-08-09 09:25:06  INFO:--colume:--70--name:--厂内 [com.yonyou.i18n.utils.StringUtils.getLineChineseList(StringUtils.java:117)]

2018-08-09 09:25:06  INFO:--info:--{70=厂内} [com.yonyou.i18n.core.MatchChar.search(MatchChar.java:93)]

2018-08-09 09:25:06  INFO:--colume:--43--name:--辅料费用： [com.yonyou.i18n.utils.StringUtils.getLineChineseList(StringUtils.java:117)]

2018-08-09 09:25:06  INFO:--info:--{43=辅料费用：} [com.yonyou.i18n.core.MatchChar.search(MatchChar.java:93)]

2018-08-09 09:25:06  INFO:无法定位该值：辅料费用： [com.yonyou.i18n.utils.StringUtils.finalParse(StringUtils.java:237)]

2018-08-09 09:25:06  INFO:--colume:--79--name:--请输入辅料费用 [com.yonyou.i18n.utils.StringUtils.getLineChineseList(StringUtils.java:117)]

2018-08-09 09:25:06  INFO:--info:--{79=请输入辅料费用} [com.yonyou.i18n.core.MatchChar.search(MatchChar.java:93)]

2018-08-09 09:25:06  INFO:--colume:--31--name:--其他费用： [com.yonyou.i18n.utils.StringUtils.getLineChineseList(StringUtils.java:117)]

2018-08-09 09:25:06  INFO:--info:--{31=其他费用：} [com.yonyou.i18n.core.MatchChar.search(MatchChar.java:93)]

2018-08-09 09:25:06  INFO:--colume:--67--name:--请输入其他费用 [com.yonyou.i18n.utils.StringUtils.getLineChineseList(StringUtils.java:117)]

2018-08-09 09:25:06  INFO:--info:--{67=请输入其他费用} [com.yonyou.i18n.core.MatchChar.search(MatchChar.java:93)]

2018-08-09 09:25:06  INFO:--colume:--55--name:--备注： [com.yonyou.i18n.utils.StringUtils.getLineChineseList(StringUtils.java:117)]

2018-08-09 09:25:06  INFO:--info:--{55=备注：} [com.yonyou.i18n.core.MatchChar.search(MatchChar.java:93)]

2018-08-09 09:25:06  INFO:--colume:--80--name:--确认 [com.yonyou.i18n.utils.StringUtils.getLineChineseList(StringUtils.java:117)]

2018-08-09 09:25:06  INFO:--info:--{80=确认} [com.yonyou.i18n.core.MatchChar.search(MatchChar.java:93)]

2018-08-09 09:25:06  INFO:--path:--C:\Users\wenfa\Desktop\iuap-i18n\workbench\buyer-claim-judge\components\detail.js [com.yonyou.i18n.core.MatchChar.search(MatchChar.java:58)]

2018-08-09 09:25:06  INFO:--colume:--43--name:--数据填写错误 [com.yonyou.i18n.utils.StringUtils.getLineChineseList(StringUtils.java:117)]

2018-08-09 09:25:06  INFO:--info:--{43=数据填写错误} [com.yonyou.i18n.core.MatchChar.search(MatchChar.java:93)]

2018-08-09 09:25:06  INFO:--colume:--41--name:--索赔单编辑 [com.yonyou.i18n.utils.StringUtils.getLineChineseList(StringUtils.java:117)]

2018-08-09 09:25:06  INFO:--colume:--49--name:--索赔单详情 [com.yonyou.i18n.utils.StringUtils.getLineChineseList(StringUtils.java:117)]

2018-08-09 09:25:06  INFO:--info:--{41=索赔单编辑, 49=索赔单详情} [com.yonyou.i18n.core.MatchChar.search(MatchChar.java:93)]

2018-08-09 09:25:06  INFO:--colume:--82--name:--取消 [com.yonyou.i18n.utils.StringUtils.getLineChineseList(StringUtils.java:117)]

2018-08-09 09:25:06  INFO:--info:--{82=取消} [com.yonyou.i18n.core.MatchChar.search(MatchChar.java:93)]

2018-08-09 09:25:06  INFO:--colume:--78--name:--保存 [com.yonyou.i18n.utils.StringUtils.getLineChineseList(StringUtils.java:117)]

2018-08-09 09:25:06  INFO:--info:--{78=保存} [com.yonyou.i18n.core.MatchChar.search(MatchChar.java:93)]

2018-08-09 09:25:06  INFO:--colume:--31--name:--索赔单号： [com.yonyou.i18n.utils.StringUtils.getLineChineseList(StringUtils.java:117)]

2018-08-09 09:25:06  INFO:--info:--{31=索赔单号：} [com.yonyou.i18n.core.MatchChar.search(MatchChar.java:93)]

2018-08-09 09:25:06  INFO:--colume:--41--name:--提交后系统按规则自动生成 [com.yonyou.i18n.utils.StringUtils.getLineChineseList(StringUtils.java:117)]

2018-08-09 09:25:06  INFO:--info:--{41=提交后系统按规则自动生成} [com.yonyou.i18n.core.MatchChar.search(MatchChar.java:93)]

2018-08-09 09:25:06  INFO:--colume:--31--name:--分类： [com.yonyou.i18n.utils.StringUtils.getLineChineseList(StringUtils.java:117)]

2018-08-09 09:25:06  INFO:--info:--{31=分类：} [com.yonyou.i18n.core.MatchChar.search(MatchChar.java:93)]

2018-08-09 09:25:06  INFO:无法定位该值：分类： [com.yonyou.i18n.utils.StringUtils.finalParse(StringUtils.java:237)]

2018-08-09 09:25:06  INFO:--colume:--66--name:--售后 [com.yonyou.i18n.utils.StringUtils.getLineChineseList(StringUtils.java:117)]

2018-08-09 09:25:06  INFO:--colume:--73--name:--厂内 [com.yonyou.i18n.utils.StringUtils.getLineChineseList(StringUtils.java:117)]

2018-08-09 09:25:06  INFO:--info:--{66=售后, 73=厂内} [com.yonyou.i18n.core.MatchChar.search(MatchChar.java:93)]

2018-08-09 09:25:06  INFO:--colume:--62--name:--请输入供应商名称 [com.yonyou.i18n.utils.StringUtils.getLineChineseList(StringUtils.java:117)]

2018-08-09 09:25:06  INFO:--info:--{62=请输入供应商名称} [com.yonyou.i18n.core.MatchChar.search(MatchChar.java:93)]

2018-08-09 09:25:06  INFO:--colume:--45--name:--请选择 [com.yonyou.i18n.utils.StringUtils.getLineChineseList(StringUtils.java:117)]

2018-08-09 09:25:06  INFO:--info:--{45=请选择} [com.yonyou.i18n.core.MatchChar.search(MatchChar.java:93)]

2018-08-09 09:25:06  INFO:--colume:--31--name:--供应商名称： [com.yonyou.i18n.utils.StringUtils.getLineChineseList(StringUtils.java:117)]

2018-08-09 09:25:06  INFO:--info:--{31=供应商名称：} [com.yonyou.i18n.core.MatchChar.search(MatchChar.java:93)]

2018-08-09 09:25:06  INFO:无法定位该值：供应商名称： [com.yonyou.i18n.utils.StringUtils.finalParse(StringUtils.java:237)]

2018-08-09 09:25:06  INFO:--colume:--66--name:--请输入供应商名称 [com.yonyou.i18n.utils.StringUtils.getLineChineseList(StringUtils.java:117)]

2018-08-09 09:25:06  INFO:--info:--{66=请输入供应商名称} [com.yonyou.i18n.core.MatchChar.search(MatchChar.java:93)]

2018-08-09 09:25:06  INFO:--colume:--31--name:--供应商代码： [com.yonyou.i18n.utils.StringUtils.getLineChineseList(StringUtils.java:117)]

2018-08-09 09:25:06  INFO:--info:--{31=供应商代码：} [com.yonyou.i18n.core.MatchChar.search(MatchChar.java:93)]

2018-08-09 09:25:06  INFO:无法定位该值：供应商代码： [com.yonyou.i18n.utils.StringUtils.finalParse(StringUtils.java:237)]

2018-08-09 09:25:06  INFO:--colume:--66--name:--请输入供应商代码 [com.yonyou.i18n.utils.StringUtils.getLineChineseList(StringUtils.java:117)]

2018-08-09 09:25:06  INFO:--info:--{66=请输入供应商代码} [com.yonyou.i18n.core.MatchChar.search(MatchChar.java:93)]

2018-08-09 09:25:06  INFO:--colume:--31--name:--应索赔金额： [com.yonyou.i18n.utils.StringUtils.getLineChineseList(StringUtils.java:117)]

2018-08-09 09:25:06  INFO:--info:--{31=应索赔金额：} [com.yonyou.i18n.core.MatchChar.search(MatchChar.java:93)]

2018-08-09 09:25:06  INFO:无法定位该值：应索赔金额： [com.yonyou.i18n.utils.StringUtils.finalParse(StringUtils.java:237)]

2018-08-09 09:25:06  INFO:--colume:--66--name:--请输入应索赔金额 [com.yonyou.i18n.utils.StringUtils.getLineChineseList(StringUtils.java:117)]

2018-08-09 09:25:06  INFO:--info:--{66=请输入应索赔金额} [com.yonyou.i18n.core.MatchChar.search(MatchChar.java:93)]

2018-08-09 09:25:06  INFO:--colume:--31--name:--实际索赔金额： [com.yonyou.i18n.utils.StringUtils.getLineChineseList(StringUtils.java:117)]

2018-08-09 09:25:06  INFO:--info:--{31=实际索赔金额：} [com.yonyou.i18n.core.MatchChar.search(MatchChar.java:93)]

2018-08-09 09:25:06  INFO:无法定位该值：实际索赔金额： [com.yonyou.i18n.utils.StringUtils.finalParse(StringUtils.java:237)]

2018-08-09 09:25:06  INFO:--colume:--66--name:--请输入实际索赔金额 [com.yonyou.i18n.utils.StringUtils.getLineChineseList(StringUtils.java:117)]

2018-08-09 09:25:06  INFO:--info:--{66=请输入实际索赔金额} [com.yonyou.i18n.core.MatchChar.search(MatchChar.java:93)]

2018-08-09 09:25:06  INFO:--colume:--31--name:--责任方： [com.yonyou.i18n.utils.StringUtils.getLineChineseList(StringUtils.java:117)]

2018-08-09 09:25:06  INFO:--info:--{31=责任方：} [com.yonyou.i18n.core.MatchChar.search(MatchChar.java:93)]

2018-08-09 09:25:06  INFO:无法定位该值：责任方： [com.yonyou.i18n.utils.StringUtils.finalParse(StringUtils.java:237)]

2018-08-09 09:25:06  INFO:--colume:--66--name:--请输入责任方 [com.yonyou.i18n.utils.StringUtils.getLineChineseList(StringUtils.java:117)]

2018-08-09 09:25:06  INFO:--info:--{66=请输入责任方} [com.yonyou.i18n.core.MatchChar.search(MatchChar.java:93)]

2018-08-09 09:25:06  INFO:--colume:--31--name:--工厂： [com.yonyou.i18n.utils.StringUtils.getLineChineseList(StringUtils.java:117)]

2018-08-09 09:25:06  INFO:--info:--{31=工厂：} [com.yonyou.i18n.core.MatchChar.search(MatchChar.java:93)]

2018-08-09 09:25:06  INFO:--colume:--67--name:--请输入工厂 [com.yonyou.i18n.utils.StringUtils.getLineChineseList(StringUtils.java:117)]

2018-08-09 09:25:06  INFO:--info:--{67=请输入工厂} [com.yonyou.i18n.core.MatchChar.search(MatchChar.java:93)]

2018-08-09 09:25:06  INFO:--colume:--31--name:--故障单号： [com.yonyou.i18n.utils.StringUtils.getLineChineseList(StringUtils.java:117)]

2018-08-09 09:25:06  INFO:--info:--{31=故障单号：} [com.yonyou.i18n.core.MatchChar.search(MatchChar.java:93)]

2018-08-09 09:25:06  INFO:无法定位该值：故障单号： [com.yonyou.i18n.utils.StringUtils.finalParse(StringUtils.java:237)]

2018-08-09 09:25:06  INFO:--colume:--66--name:--请输入故障单号 [com.yonyou.i18n.utils.StringUtils.getLineChineseList(StringUtils.java:117)]

2018-08-09 09:25:06  INFO:--info:--{66=请输入故障单号} [com.yonyou.i18n.core.MatchChar.search(MatchChar.java:93)]

2018-08-09 09:25:06  INFO:--colume:--31--name:--主机编号： [com.yonyou.i18n.utils.StringUtils.getLineChineseList(StringUtils.java:117)]

2018-08-09 09:25:06  INFO:--info:--{31=主机编号：} [com.yonyou.i18n.core.MatchChar.search(MatchChar.java:93)]

2018-08-09 09:25:06  INFO:--colume:--67--name:--请输入主机编号 [com.yonyou.i18n.utils.StringUtils.getLineChineseList(StringUtils.java:117)]

2018-08-09 09:25:06  INFO:--info:--{67=请输入主机编号} [com.yonyou.i18n.core.MatchChar.search(MatchChar.java:93)]

2018-08-09 09:25:06  INFO:--colume:--31--name:--索赔件编码： [com.yonyou.i18n.utils.StringUtils.getLineChineseList(StringUtils.java:117)]

2018-08-09 09:25:06  INFO:--info:--{31=索赔件编码：} [com.yonyou.i18n.core.MatchChar.search(MatchChar.java:93)]

2018-08-09 09:25:06  INFO:无法定位该值：索赔件编码： [com.yonyou.i18n.utils.StringUtils.finalParse(StringUtils.java:237)]

2018-08-09 09:25:06  INFO:--colume:--66--name:--请输入索赔件编码 [com.yonyou.i18n.utils.StringUtils.getLineChineseList(StringUtils.java:117)]

2018-08-09 09:25:06  INFO:--info:--{66=请输入索赔件编码} [com.yonyou.i18n.core.MatchChar.search(MatchChar.java:93)]

2018-08-09 09:25:06  INFO:--colume:--31--name:--索赔件名称： [com.yonyou.i18n.utils.StringUtils.getLineChineseList(StringUtils.java:117)]

2018-08-09 09:25:06  INFO:--info:--{31=索赔件名称：} [com.yonyou.i18n.core.MatchChar.search(MatchChar.java:93)]

2018-08-09 09:25:06  INFO:无法定位该值：索赔件名称： [com.yonyou.i18n.utils.StringUtils.finalParse(StringUtils.java:237)]

2018-08-09 09:25:06  INFO:--colume:--66--name:--请输入索赔件名称 [com.yonyou.i18n.utils.StringUtils.getLineChineseList(StringUtils.java:117)]

2018-08-09 09:25:06  INFO:--info:--{66=请输入索赔件名称} [com.yonyou.i18n.core.MatchChar.search(MatchChar.java:93)]

2018-08-09 09:25:06  INFO:--colume:--43--name:--故障类型： [com.yonyou.i18n.utils.StringUtils.getLineChineseList(StringUtils.java:117)]

2018-08-09 09:25:06  INFO:--info:--{43=故障类型：} [com.yonyou.i18n.core.MatchChar.search(MatchChar.java:93)]

2018-08-09 09:25:06  INFO:无法定位该值：故障类型： [com.yonyou.i18n.utils.StringUtils.finalParse(StringUtils.java:237)]

2018-08-09 09:25:06  INFO:--colume:--57--name:--请选择 [com.yonyou.i18n.utils.StringUtils.getLineChineseList(StringUtils.java:117)]

2018-08-09 09:25:06  INFO:--info:--{57=请选择} [com.yonyou.i18n.core.MatchChar.search(MatchChar.java:93)]

2018-08-09 09:25:06  INFO:--colume:--31--name:--故障现象： [com.yonyou.i18n.utils.StringUtils.getLineChineseList(StringUtils.java:117)]

2018-08-09 09:25:06  INFO:--info:--{31=故障现象：} [com.yonyou.i18n.core.MatchChar.search(MatchChar.java:93)]

2018-08-09 09:25:06  INFO:--colume:--31--name:--使用单位： [com.yonyou.i18n.utils.StringUtils.getLineChineseList(StringUtils.java:117)]

2018-08-09 09:25:06  INFO:--info:--{31=使用单位：} [com.yonyou.i18n.core.MatchChar.search(MatchChar.java:93)]

2018-08-09 09:25:06  INFO:无法定位该值：使用单位： [com.yonyou.i18n.utils.StringUtils.finalParse(StringUtils.java:237)]

2018-08-09 09:25:06  INFO:--colume:--67--name:--请输入使用单位 [com.yonyou.i18n.utils.StringUtils.getLineChineseList(StringUtils.java:117)]

2018-08-09 09:25:06  INFO:--info:--{67=请输入使用单位} [com.yonyou.i18n.core.MatchChar.search(MatchChar.java:93)]

2018-08-09 09:25:06  INFO:--colume:--31--name:--数量： [com.yonyou.i18n.utils.StringUtils.getLineChineseList(StringUtils.java:117)]

2018-08-09 09:25:06  INFO:--info:--{31=数量：} [com.yonyou.i18n.core.MatchChar.search(MatchChar.java:93)]

2018-08-09 09:25:06  INFO:无法定位该值：数量： [com.yonyou.i18n.utils.StringUtils.finalParse(StringUtils.java:237)]

2018-08-09 09:25:06  INFO:--colume:--66--name:--请输入使用数量 [com.yonyou.i18n.utils.StringUtils.getLineChineseList(StringUtils.java:117)]

2018-08-09 09:25:06  INFO:--info:--{66=请输入使用数量} [com.yonyou.i18n.core.MatchChar.search(MatchChar.java:93)]

2018-08-09 09:25:06  INFO:--colume:--31--name:--赔付新件价格： [com.yonyou.i18n.utils.StringUtils.getLineChineseList(StringUtils.java:117)]

2018-08-09 09:25:06  INFO:--info:--{31=赔付新件价格：} [com.yonyou.i18n.core.MatchChar.search(MatchChar.java:93)]

2018-08-09 09:25:06  INFO:无法定位该值：赔付新件价格： [com.yonyou.i18n.utils.StringUtils.finalParse(StringUtils.java:237)]

2018-08-09 09:25:06  INFO:--colume:--66--name:--请输入赔付新件价格 [com.yonyou.i18n.utils.StringUtils.getLineChineseList(StringUtils.java:117)]

2018-08-09 09:25:06  INFO:--info:--{66=请输入赔付新件价格} [com.yonyou.i18n.core.MatchChar.search(MatchChar.java:93)]

2018-08-09 09:25:06  INFO:--colume:--43--name:--售后工时价格： [com.yonyou.i18n.utils.StringUtils.getLineChineseList(StringUtils.java:117)]

2018-08-09 09:25:06  INFO:--info:--{43=售后工时价格：} [com.yonyou.i18n.core.MatchChar.search(MatchChar.java:93)]

2018-08-09 09:25:06  INFO:无法定位该值：售后工时价格： [com.yonyou.i18n.utils.StringUtils.finalParse(StringUtils.java:237)]

2018-08-09 09:25:06  INFO:--colume:--78--name:--请输入售后工时价格 [com.yonyou.i18n.utils.StringUtils.getLineChineseList(StringUtils.java:117)]

2018-08-09 09:25:06  INFO:--info:--{78=请输入售后工时价格} [com.yonyou.i18n.core.MatchChar.search(MatchChar.java:93)]

2018-08-09 09:25:06  INFO:--colume:--43--name:--人员往返路费： [com.yonyou.i18n.utils.StringUtils.getLineChineseList(StringUtils.java:117)]

2018-08-09 09:25:06  INFO:--info:--{43=人员往返路费：} [com.yonyou.i18n.core.MatchChar.search(MatchChar.java:93)]

2018-08-09 09:25:06  INFO:--colume:--79--name:--请输入人员往返路费 [com.yonyou.i18n.utils.StringUtils.getLineChineseList(StringUtils.java:117)]

2018-08-09 09:25:06  INFO:--info:--{79=请输入人员往返路费} [com.yonyou.i18n.core.MatchChar.search(MatchChar.java:93)]

2018-08-09 09:25:06  INFO:--colume:--43--name:--人员食宿费： [com.yonyou.i18n.utils.StringUtils.getLineChineseList(StringUtils.java:117)]

2018-08-09 09:25:06  INFO:--info:--{43=人员食宿费：} [com.yonyou.i18n.core.MatchChar.search(MatchChar.java:93)]

2018-08-09 09:25:06  INFO:--colume:--79--name:--请输入人员食宿费 [com.yonyou.i18n.utils.StringUtils.getLineChineseList(StringUtils.java:117)]

2018-08-09 09:25:06  INFO:--info:--{79=请输入人员食宿费} [com.yonyou.i18n.core.MatchChar.search(MatchChar.java:93)]

2018-08-09 09:25:06  INFO:--colume:--43--name:--运输费： [com.yonyou.i18n.utils.StringUtils.getLineChineseList(StringUtils.java:117)]

2018-08-09 09:25:06  INFO:--info:--{43=运输费：} [com.yonyou.i18n.core.MatchChar.search(MatchChar.java:93)]

2018-08-09 09:25:06  INFO:--colume:--79--name:--请输入运输费 [com.yonyou.i18n.utils.StringUtils.getLineChineseList(StringUtils.java:117)]

2018-08-09 09:25:06  INFO:--info:--{79=请输入运输费} [com.yonyou.i18n.core.MatchChar.search(MatchChar.java:93)]

2018-08-09 09:25:06  INFO:--colume:--43--name:--油费： [com.yonyou.i18n.utils.StringUtils.getLineChineseList(StringUtils.java:117)]

2018-08-09 09:25:06  INFO:--info:--{43=油费：} [com.yonyou.i18n.core.MatchChar.search(MatchChar.java:93)]

2018-08-09 09:25:06  INFO:无法定位该值：油费： [com.yonyou.i18n.utils.StringUtils.finalParse(StringUtils.java:237)]

2018-08-09 09:25:06  INFO:--colume:--78--name:--请输入油费 [com.yonyou.i18n.utils.StringUtils.getLineChineseList(StringUtils.java:117)]

2018-08-09 09:25:06  INFO:--info:--{78=请输入油费} [com.yonyou.i18n.core.MatchChar.search(MatchChar.java:93)]

2018-08-09 09:25:06  INFO:--colume:--70--name:--厂内 [com.yonyou.i18n.utils.StringUtils.getLineChineseList(StringUtils.java:117)]

2018-08-09 09:25:06  INFO:--info:--{70=厂内} [com.yonyou.i18n.core.MatchChar.search(MatchChar.java:93)]

2018-08-09 09:25:06  INFO:--colume:--43--name:--厂内工时价格： [com.yonyou.i18n.utils.StringUtils.getLineChineseList(StringUtils.java:117)]

2018-08-09 09:25:06  INFO:--info:--{43=厂内工时价格：} [com.yonyou.i18n.core.MatchChar.search(MatchChar.java:93)]

2018-08-09 09:25:06  INFO:无法定位该值：厂内工时价格： [com.yonyou.i18n.utils.StringUtils.finalParse(StringUtils.java:237)]

2018-08-09 09:25:06  INFO:--colume:--79--name:--请输入厂内工时价格 [com.yonyou.i18n.utils.StringUtils.getLineChineseList(StringUtils.java:117)]

2018-08-09 09:25:06  INFO:--info:--{79=请输入厂内工时价格} [com.yonyou.i18n.core.MatchChar.search(MatchChar.java:93)]

2018-08-09 09:25:06  INFO:--colume:--70--name:--厂内 [com.yonyou.i18n.utils.StringUtils.getLineChineseList(StringUtils.java:117)]

2018-08-09 09:25:06  INFO:--info:--{70=厂内} [com.yonyou.i18n.core.MatchChar.search(MatchChar.java:93)]

2018-08-09 09:25:06  INFO:--colume:--43--name:--辅料费用： [com.yonyou.i18n.utils.StringUtils.getLineChineseList(StringUtils.java:117)]

2018-08-09 09:25:06  INFO:--info:--{43=辅料费用：} [com.yonyou.i18n.core.MatchChar.search(MatchChar.java:93)]

2018-08-09 09:25:06  INFO:无法定位该值：辅料费用： [com.yonyou.i18n.utils.StringUtils.finalParse(StringUtils.java:237)]

2018-08-09 09:25:06  INFO:--colume:--79--name:--请输入辅料费用 [com.yonyou.i18n.utils.StringUtils.getLineChineseList(StringUtils.java:117)]

2018-08-09 09:25:06  INFO:--info:--{79=请输入辅料费用} [com.yonyou.i18n.core.MatchChar.search(MatchChar.java:93)]

2018-08-09 09:25:06  INFO:--colume:--31--name:--其他费用： [com.yonyou.i18n.utils.StringUtils.getLineChineseList(StringUtils.java:117)]

2018-08-09 09:25:06  INFO:--info:--{31=其他费用：} [com.yonyou.i18n.core.MatchChar.search(MatchChar.java:93)]

2018-08-09 09:25:06  INFO:--colume:--67--name:--请输入其他费用 [com.yonyou.i18n.utils.StringUtils.getLineChineseList(StringUtils.java:117)]

2018-08-09 09:25:06  INFO:--info:--{67=请输入其他费用} [com.yonyou.i18n.core.MatchChar.search(MatchChar.java:93)]

2018-08-09 09:25:06  INFO:--colume:--59--name:--备注： [com.yonyou.i18n.utils.StringUtils.getLineChineseList(StringUtils.java:117)]

2018-08-09 09:25:06  INFO:--info:--{59=备注：} [com.yonyou.i18n.core.MatchChar.search(MatchChar.java:93)]

2018-08-09 09:25:06  INFO:--colume:--80--name:--确认 [com.yonyou.i18n.utils.StringUtils.getLineChineseList(StringUtils.java:117)]

2018-08-09 09:25:06  INFO:--info:--{80=确认} [com.yonyou.i18n.core.MatchChar.search(MatchChar.java:93)]

2018-08-09 09:25:06  INFO:--path:--C:\Users\wenfa\Desktop\iuap-i18n\workbench\buyer-claim-judge\components\index.js [com.yonyou.i18n.core.MatchChar.search(MatchChar.java:58)]

2018-08-09 09:25:06  INFO:--colume:--26--name:--请输入供应商名称或编码 [com.yonyou.i18n.utils.StringUtils.getLineChineseList(StringUtils.java:117)]

2018-08-09 09:25:06  INFO:--info:--{26=请输入供应商名称或编码} [com.yonyou.i18n.core.MatchChar.search(MatchChar.java:93)]

2018-08-09 09:25:06  INFO:--colume:--28--name:--序号 [com.yonyou.i18n.utils.StringUtils.getLineChineseList(StringUtils.java:117)]

2018-08-09 09:25:06  INFO:--info:--{28=序号} [com.yonyou.i18n.core.MatchChar.search(MatchChar.java:93)]

2018-08-09 09:25:06  INFO:--colume:--28--name:--索赔单号 [com.yonyou.i18n.utils.StringUtils.getLineChineseList(StringUtils.java:117)]

2018-08-09 09:25:06  INFO:--info:--{28=索赔单号} [com.yonyou.i18n.core.MatchChar.search(MatchChar.java:93)]

2018-08-09 09:25:06  INFO:--colume:--28--name:--故障单号 [com.yonyou.i18n.utils.StringUtils.getLineChineseList(StringUtils.java:117)]

2018-08-09 09:25:06  INFO:--info:--{28=故障单号} [com.yonyou.i18n.core.MatchChar.search(MatchChar.java:93)]

2018-08-09 09:25:06  INFO:--colume:--28--name:--分类 [com.yonyou.i18n.utils.StringUtils.getLineChineseList(StringUtils.java:117)]

2018-08-09 09:25:06  INFO:--info:--{28=分类} [com.yonyou.i18n.core.MatchChar.search(MatchChar.java:93)]

2018-08-09 09:25:06  INFO:--colume:--49--name:--售后 [com.yonyou.i18n.utils.StringUtils.getLineChineseList(StringUtils.java:117)]

2018-08-09 09:25:06  INFO:--info:--{49=售后} [com.yonyou.i18n.core.MatchChar.search(MatchChar.java:93)]

2018-08-09 09:25:06  INFO:--colume:--49--name:--厂内 [com.yonyou.i18n.utils.StringUtils.getLineChineseList(StringUtils.java:117)]

2018-08-09 09:25:06  INFO:--info:--{49=厂内} [com.yonyou.i18n.core.MatchChar.search(MatchChar.java:93)]

2018-08-09 09:25:06  INFO:--colume:--28--name:--应索赔金额 [com.yonyou.i18n.utils.StringUtils.getLineChineseList(StringUtils.java:117)]

2018-08-09 09:25:06  INFO:--info:--{28=应索赔金额} [com.yonyou.i18n.core.MatchChar.search(MatchChar.java:93)]

2018-08-09 09:25:06  INFO:--colume:--28--name:--实际索赔金额 [com.yonyou.i18n.utils.StringUtils.getLineChineseList(StringUtils.java:117)]

2018-08-09 09:25:06  INFO:--info:--{28=实际索赔金额} [com.yonyou.i18n.core.MatchChar.search(MatchChar.java:93)]

2018-08-09 09:25:06  INFO:--colume:--28--name:--责任方 [com.yonyou.i18n.utils.StringUtils.getLineChineseList(StringUtils.java:117)]

2018-08-09 09:25:06  INFO:--info:--{28=责任方} [com.yonyou.i18n.core.MatchChar.search(MatchChar.java:93)]

2018-08-09 09:25:06  INFO:--colume:--28--name:--供应商代码 [com.yonyou.i18n.utils.StringUtils.getLineChineseList(StringUtils.java:117)]

2018-08-09 09:25:06  INFO:--info:--{28=供应商代码} [com.yonyou.i18n.core.MatchChar.search(MatchChar.java:93)]

2018-08-09 09:25:06  INFO:--colume:--28--name:--供应商名称 [com.yonyou.i18n.utils.StringUtils.getLineChineseList(StringUtils.java:117)]

2018-08-09 09:25:06  INFO:--info:--{28=供应商名称} [com.yonyou.i18n.core.MatchChar.search(MatchChar.java:93)]

2018-08-09 09:25:06  INFO:--colume:--28--name:--数量 [com.yonyou.i18n.utils.StringUtils.getLineChineseList(StringUtils.java:117)]

2018-08-09 09:25:06  INFO:--info:--{28=数量} [com.yonyou.i18n.core.MatchChar.search(MatchChar.java:93)]

2018-08-09 09:25:06  INFO:--colume:--28--name:--使用单位 [com.yonyou.i18n.utils.StringUtils.getLineChineseList(StringUtils.java:117)]

2018-08-09 09:25:06  INFO:--info:--{28=使用单位} [com.yonyou.i18n.core.MatchChar.search(MatchChar.java:93)]

2018-08-09 09:25:06  INFO:--colume:--28--name:--工厂 [com.yonyou.i18n.utils.StringUtils.getLineChineseList(StringUtils.java:117)]

2018-08-09 09:25:06  INFO:--info:--{28=工厂} [com.yonyou.i18n.core.MatchChar.search(MatchChar.java:93)]

2018-08-09 09:25:06  INFO:--colume:--28--name:--主机型号 [com.yonyou.i18n.utils.StringUtils.getLineChineseList(StringUtils.java:117)]

2018-08-09 09:25:06  INFO:--info:--{28=主机型号} [com.yonyou.i18n.core.MatchChar.search(MatchChar.java:93)]

2018-08-09 09:25:06  INFO:--colume:--28--name:--主机编号 [com.yonyou.i18n.utils.StringUtils.getLineChineseList(StringUtils.java:117)]

2018-08-09 09:25:06  INFO:--info:--{28=主机编号} [com.yonyou.i18n.core.MatchChar.search(MatchChar.java:93)]

2018-08-09 09:25:06  INFO:--colume:--28--name:--索赔件编码 [com.yonyou.i18n.utils.StringUtils.getLineChineseList(StringUtils.java:117)]

2018-08-09 09:25:06  INFO:--info:--{28=索赔件编码} [com.yonyou.i18n.core.MatchChar.search(MatchChar.java:93)]

2018-08-09 09:25:06  INFO:--colume:--28--name:--索赔件名称 [com.yonyou.i18n.utils.StringUtils.getLineChineseList(StringUtils.java:117)]

2018-08-09 09:25:06  INFO:--info:--{28=索赔件名称} [com.yonyou.i18n.core.MatchChar.search(MatchChar.java:93)]

2018-08-09 09:25:06  INFO:--colume:--28--name:--故障类型 [com.yonyou.i18n.utils.StringUtils.getLineChineseList(StringUtils.java:117)]

2018-08-09 09:25:06  INFO:--info:--{28=故障类型} [com.yonyou.i18n.core.MatchChar.search(MatchChar.java:93)]

2018-08-09 09:25:06  INFO:--colume:--47--name:--保内 [com.yonyou.i18n.utils.StringUtils.getLineChineseList(StringUtils.java:117)]

2018-08-09 09:25:06  INFO:--info:--{47=保内} [com.yonyou.i18n.core.MatchChar.search(MatchChar.java:93)]

2018-08-09 09:25:06  INFO:--colume:--47--name:--保外 [com.yonyou.i18n.utils.StringUtils.getLineChineseList(StringUtils.java:117)]

2018-08-09 09:25:06  INFO:--info:--{47=保外} [com.yonyou.i18n.core.MatchChar.search(MatchChar.java:93)]

2018-08-09 09:25:06  INFO:--colume:--47--name:--早起故障 [com.yonyou.i18n.utils.StringUtils.getLineChineseList(StringUtils.java:117)]

2018-08-09 09:25:06  INFO:--info:--{47=早起故障} [com.yonyou.i18n.core.MatchChar.search(MatchChar.java:93)]

2018-08-09 09:25:06  INFO:--colume:--28--name:--故障现象 [com.yonyou.i18n.utils.StringUtils.getLineChineseList(StringUtils.java:117)]

2018-08-09 09:25:06  INFO:--info:--{28=故障现象} [com.yonyou.i18n.core.MatchChar.search(MatchChar.java:93)]

2018-08-09 09:25:06  INFO:--colume:--28--name:--赔付新件价格 [com.yonyou.i18n.utils.StringUtils.getLineChineseList(StringUtils.java:117)]

2018-08-09 09:25:06  INFO:--info:--{28=赔付新件价格} [com.yonyou.i18n.core.MatchChar.search(MatchChar.java:93)]

2018-08-09 09:25:06  INFO:--colume:--28--name:--售后工时价格 [com.yonyou.i18n.utils.StringUtils.getLineChineseList(StringUtils.java:117)]

2018-08-09 09:25:06  INFO:--info:--{28=售后工时价格} [com.yonyou.i18n.core.MatchChar.search(MatchChar.java:93)]

2018-08-09 09:25:06  INFO:--colume:--28--name:--人员往返路费 [com.yonyou.i18n.utils.StringUtils.getLineChineseList(StringUtils.java:117)]

2018-08-09 09:25:06  INFO:--info:--{28=人员往返路费} [com.yonyou.i18n.core.MatchChar.search(MatchChar.java:93)]

2018-08-09 09:25:06  INFO:--colume:--28--name:--人员食宿费 [com.yonyou.i18n.utils.StringUtils.getLineChineseList(StringUtils.java:117)]

2018-08-09 09:25:06  INFO:--info:--{28=人员食宿费} [com.yonyou.i18n.core.MatchChar.search(MatchChar.java:93)]

2018-08-09 09:25:06  INFO:--colume:--28--name:--运输费 [com.yonyou.i18n.utils.StringUtils.getLineChineseList(StringUtils.java:117)]

2018-08-09 09:25:06  INFO:--info:--{28=运输费} [com.yonyou.i18n.core.MatchChar.search(MatchChar.java:93)]

2018-08-09 09:25:06  INFO:--colume:--28--name:--油费 [com.yonyou.i18n.utils.StringUtils.getLineChineseList(StringUtils.java:117)]

2018-08-09 09:25:06  INFO:--info:--{28=油费} [com.yonyou.i18n.core.MatchChar.search(MatchChar.java:93)]

2018-08-09 09:25:06  INFO:--colume:--28--name:--厂内工时价格 [com.yonyou.i18n.utils.StringUtils.getLineChineseList(StringUtils.java:117)]

2018-08-09 09:25:06  INFO:--info:--{28=厂内工时价格} [com.yonyou.i18n.core.MatchChar.search(MatchChar.java:93)]

2018-08-09 09:25:06  INFO:--colume:--28--name:--辅料费用 [com.yonyou.i18n.utils.StringUtils.getLineChineseList(StringUtils.java:117)]

2018-08-09 09:25:06  INFO:--info:--{28=辅料费用} [com.yonyou.i18n.core.MatchChar.search(MatchChar.java:93)]

2018-08-09 09:25:06  INFO:--colume:--28--name:--其他费用 [com.yonyou.i18n.utils.StringUtils.getLineChineseList(StringUtils.java:117)]

2018-08-09 09:25:06  INFO:--info:--{28=其他费用} [com.yonyou.i18n.core.MatchChar.search(MatchChar.java:93)]

2018-08-09 09:25:06  INFO:--colume:--28--name:--操作 [com.yonyou.i18n.utils.StringUtils.getLineChineseList(StringUtils.java:117)]

2018-08-09 09:25:06  INFO:--info:--{28=操作} [com.yonyou.i18n.core.MatchChar.search(MatchChar.java:93)]

2018-08-09 09:25:06  INFO:--colume:--120--name:--编辑 [com.yonyou.i18n.utils.StringUtils.getLineChineseList(StringUtils.java:117)]

2018-08-09 09:25:06  INFO:--info:--{120=编辑} [com.yonyou.i18n.core.MatchChar.search(MatchChar.java:93)]

2018-08-09 09:25:06  INFO:--colume:--123--name:--查看 [com.yonyou.i18n.utils.StringUtils.getLineChineseList(StringUtils.java:117)]

2018-08-09 09:25:06  INFO:--info:--{123=查看} [com.yonyou.i18n.core.MatchChar.search(MatchChar.java:93)]

2018-08-09 09:25:06  INFO:--colume:--19--name:--请先选择数据 [com.yonyou.i18n.utils.StringUtils.getLineChineseList(StringUtils.java:117)]

2018-08-09 09:25:06  INFO:--info:--{19=请先选择数据} [com.yonyou.i18n.core.MatchChar.search(MatchChar.java:93)]

2018-08-09 09:25:06  INFO:--colume:--15--name:--上传成功 [com.yonyou.i18n.utils.StringUtils.getLineChineseList(StringUtils.java:117)]

2018-08-09 09:25:06  INFO:--info:--{15=上传成功} [com.yonyou.i18n.core.MatchChar.search(MatchChar.java:93)]

2018-08-09 09:25:06  INFO:--colume:--21--name:--获得后端返回附件路径数据： [com.yonyou.i18n.utils.StringUtils.getLineChineseList(StringUtils.java:117)]

2018-08-09 09:25:06  INFO:--info:--{21=获得后端返回附件路径数据：} [com.yonyou.i18n.core.MatchChar.search(MatchChar.java:93)]

2018-08-09 09:25:06  INFO:--colume:--15--name:--上传失败 [com.yonyou.i18n.utils.StringUtils.getLineChineseList(StringUtils.java:117)]

2018-08-09 09:25:06  INFO:--info:--{15=上传失败} [com.yonyou.i18n.core.MatchChar.search(MatchChar.java:93)]

2018-08-09 09:25:06  INFO:--colume:--21--name:--上传出现了问题 [com.yonyou.i18n.utils.StringUtils.getLineChineseList(StringUtils.java:117)]

2018-08-09 09:25:06  INFO:--info:--{21=上传出现了问题} [com.yonyou.i18n.core.MatchChar.search(MatchChar.java:93)]

2018-08-09 09:25:06  INFO:--colume:--39--name:--服务订单号 [com.yonyou.i18n.utils.StringUtils.getLineChineseList(StringUtils.java:117)]

2018-08-09 09:25:06  INFO:--colume:--45--name:--再检单号： [com.yonyou.i18n.utils.StringUtils.getLineChineseList(StringUtils.java:117)]

2018-08-09 09:25:06  INFO:--info:--{39=服务订单号/再检单号：} [com.yonyou.i18n.core.MatchChar.search(MatchChar.java:93)]

2018-08-09 09:25:06  INFO:--colume:--70--name:--请输入订单号或再检单号 [com.yonyou.i18n.utils.StringUtils.getLineChineseList(StringUtils.java:117)]

2018-08-09 09:25:06  INFO:--info:--{70=请输入订单号或再检单号} [com.yonyou.i18n.core.MatchChar.search(MatchChar.java:93)]

2018-08-09 09:25:06  INFO:--colume:--39--name:--供应商代码： [com.yonyou.i18n.utils.StringUtils.getLineChineseList(StringUtils.java:117)]

2018-08-09 09:25:06  INFO:--info:--{39=供应商代码：} [com.yonyou.i18n.core.MatchChar.search(MatchChar.java:93)]

2018-08-09 09:25:06  INFO:--colume:--39--name:--供应商名称： [com.yonyou.i18n.utils.StringUtils.getLineChineseList(StringUtils.java:117)]

2018-08-09 09:25:06  INFO:--info:--{39=供应商名称：} [com.yonyou.i18n.core.MatchChar.search(MatchChar.java:93)]

2018-08-09 09:25:06  INFO:--colume:--39--name:--供应商名称： [com.yonyou.i18n.utils.StringUtils.getLineChineseList(StringUtils.java:117)]

2018-08-09 09:25:06  INFO:--info:--{39=供应商名称：} [com.yonyou.i18n.core.MatchChar.search(MatchChar.java:93)]

2018-08-09 09:25:06  INFO:--colume:--56--name:--凭证日期： [com.yonyou.i18n.utils.StringUtils.getLineChineseList(StringUtils.java:117)]

2018-08-09 09:25:06  INFO:--info:--{56=凭证日期：} [com.yonyou.i18n.core.MatchChar.search(MatchChar.java:93)]

2018-08-09 09:25:06  INFO:--colume:--50--name:--开始 [com.yonyou.i18n.utils.StringUtils.getLineChineseList(StringUtils.java:117)]

2018-08-09 09:25:06  INFO:--colume:--55--name:--结束 [com.yonyou.i18n.utils.StringUtils.getLineChineseList(StringUtils.java:117)]

2018-08-09 09:25:06  INFO:--info:--{50=开始 ~ 结束} [com.yonyou.i18n.core.MatchChar.search(MatchChar.java:93)]

2018-08-09 09:25:06  INFO:--colume:--60--name:--开始 [com.yonyou.i18n.utils.StringUtils.getLineChineseList(StringUtils.java:117)]

2018-08-09 09:25:06  INFO:--colume:--66--name:--结束 [com.yonyou.i18n.utils.StringUtils.getLineChineseList(StringUtils.java:117)]

2018-08-09 09:25:06  INFO:--info:--{60=开始, 66=结束} [com.yonyou.i18n.core.MatchChar.search(MatchChar.java:93)]

2018-08-09 09:25:06  INFO:--colume:--41--name:--上传 [com.yonyou.i18n.utils.StringUtils.getLineChineseList(StringUtils.java:117)]

2018-08-09 09:25:06  INFO:--info:--{41=上传} [com.yonyou.i18n.core.MatchChar.search(MatchChar.java:93)]

2018-08-09 09:25:06  INFO:--path:--C:\Users\wenfa\Desktop\iuap-i18n\workbench\buyer-claim-judge\container.js [com.yonyou.i18n.core.MatchChar.search(MatchChar.java:58)]

2018-08-09 09:25:06  INFO:--path:--C:\Users\wenfa\Desktop\iuap-i18n\workbench\buyer-claim-judge\models.js [com.yonyou.i18n.core.MatchChar.search(MatchChar.java:58)]

2018-08-09 09:25:06  INFO:--colume:--61--name:--查询成功 [com.yonyou.i18n.utils.StringUtils.getLineChineseList(StringUtils.java:117)]

2018-08-09 09:25:06  INFO:--colume:--71--name:--调用 [com.yonyou.i18n.utils.StringUtils.getLineChineseList(StringUtils.java:117)]

2018-08-09 09:25:06  INFO:--colume:--83--name:--配置的方法 [com.yonyou.i18n.utils.StringUtils.getLineChineseList(StringUtils.java:117)]

2018-08-09 09:25:06  INFO:--info:--{61=查询成功, 71=调用service.js配置的方法} [com.yonyou.i18n.core.MatchChar.search(MatchChar.java:93)]

2018-08-09 09:25:06  INFO:无法定位该值：调用service.js配置的方法 [com.yonyou.i18n.utils.StringUtils.finalParse(StringUtils.java:237)]

2018-08-09 09:25:06  INFO:--colume:--22--name:--创建 [com.yonyou.i18n.utils.StringUtils.getLineChineseList(StringUtils.java:117)]

2018-08-09 09:25:06  INFO:--info:--{22=创建} [com.yonyou.i18n.core.MatchChar.search(MatchChar.java:93)]

2018-08-09 09:25:06  INFO:--colume:--22--name:--保存 [com.yonyou.i18n.utils.StringUtils.getLineChineseList(StringUtils.java:117)]

2018-08-09 09:25:06  INFO:--info:--{22=保存} [com.yonyou.i18n.core.MatchChar.search(MatchChar.java:93)]

2018-08-09 09:25:06  INFO:--colume:--22--name:--确认 [com.yonyou.i18n.utils.StringUtils.getLineChineseList(StringUtils.java:117)]

2018-08-09 09:25:06  INFO:--info:--{22=确认} [com.yonyou.i18n.core.MatchChar.search(MatchChar.java:93)]

2018-08-09 09:25:06  INFO:--colume:--22--name:--关闭 [com.yonyou.i18n.utils.StringUtils.getLineChineseList(StringUtils.java:117)]

2018-08-09 09:25:06  INFO:--info:--{22=关闭} [com.yonyou.i18n.core.MatchChar.search(MatchChar.java:93)]

2018-08-09 09:25:06  INFO:--colume:--20--name:--售后 [com.yonyou.i18n.utils.StringUtils.getLineChineseList(StringUtils.java:117)]

2018-08-09 09:25:06  INFO:--info:--{20=售后} [com.yonyou.i18n.core.MatchChar.search(MatchChar.java:93)]

2018-08-09 09:25:06  INFO:--colume:--20--name:--厂内 [com.yonyou.i18n.utils.StringUtils.getLineChineseList(StringUtils.java:117)]

2018-08-09 09:25:06  INFO:--info:--{20=厂内} [com.yonyou.i18n.core.MatchChar.search(MatchChar.java:93)]

2018-08-09 09:25:06  INFO:--colume:--20--name:--保内 [com.yonyou.i18n.utils.StringUtils.getLineChineseList(StringUtils.java:117)]

2018-08-09 09:25:06  INFO:--info:--{20=保内} [com.yonyou.i18n.core.MatchChar.search(MatchChar.java:93)]

2018-08-09 09:25:06  INFO:--colume:--20--name:--保外 [com.yonyou.i18n.utils.StringUtils.getLineChineseList(StringUtils.java:117)]

2018-08-09 09:25:06  INFO:--info:--{20=保外} [com.yonyou.i18n.core.MatchChar.search(MatchChar.java:93)]

2018-08-09 09:25:06  INFO:--colume:--20--name:--早起故障 [com.yonyou.i18n.utils.StringUtils.getLineChineseList(StringUtils.java:117)]

2018-08-09 09:25:06  INFO:--info:--{20=早起故障} [com.yonyou.i18n.core.MatchChar.search(MatchChar.java:93)]

2018-08-09 09:25:06  INFO:--colume:--58--name:--更新成功 [com.yonyou.i18n.utils.StringUtils.getLineChineseList(StringUtils.java:117)]

2018-08-09 09:25:06  INFO:--info:--{58=更新成功} [com.yonyou.i18n.core.MatchChar.search(MatchChar.java:93)]

2018-08-09 09:25:06  INFO:--colume:--59--name:--删除成功 [com.yonyou.i18n.utils.StringUtils.getLineChineseList(StringUtils.java:117)]

2018-08-09 09:25:06  INFO:--info:--{59=删除成功} [com.yonyou.i18n.core.MatchChar.search(MatchChar.java:93)]

2018-08-09 09:25:06  INFO:--colume:--60--name:--保存成功 [com.yonyou.i18n.utils.StringUtils.getLineChineseList(StringUtils.java:117)]

2018-08-09 09:25:06  INFO:--info:--{60=保存成功} [com.yonyou.i18n.core.MatchChar.search(MatchChar.java:93)]

2018-08-09 09:25:06  INFO:--colume:--20--name:--数据推送失败 [com.yonyou.i18n.utils.StringUtils.getLineChineseList(StringUtils.java:117)]

2018-08-09 09:25:06  INFO:--colume:--27--name:--故障单号在 [com.yonyou.i18n.utils.StringUtils.getLineChineseList(StringUtils.java:117)]

2018-08-09 09:25:06  INFO:--colume:--35--name:--系统中已存在 [com.yonyou.i18n.utils.StringUtils.getLineChineseList(StringUtils.java:117)]

2018-08-09 09:25:06  INFO:--info:--{20=数据推送失败,故障单号在GSP系统中已存在} [com.yonyou.i18n.core.MatchChar.search(MatchChar.java:93)]

2018-08-09 09:25:06  INFO:--colume:--20--name:--保存失败 [com.yonyou.i18n.utils.StringUtils.getLineChineseList(StringUtils.java:117)]

2018-08-09 09:25:06  INFO:--info:--{20=保存失败} [com.yonyou.i18n.core.MatchChar.search(MatchChar.java:93)]

2018-08-09 09:25:06  INFO:--path:--C:\Users\wenfa\Desktop\iuap-i18n\workbench\buyer-claim-judge\services.js [com.yonyou.i18n.core.MatchChar.search(MatchChar.java:58)]

2018-08-09 09:25:06  INFO:************************C:\Users\wenfa\Desktop\iuap-i18n\workbench\iuap_en_US.json [com.yonyou.i18n.core.ResourcesFile.writeResourceFile(ResourcesFile.java:80)]

2018-08-09 09:25:06  INFO:************************en_US=iuap_en_US.json [com.yonyou.i18n.core.ResourcesFile.writeResourceFile(ResourcesFile.java:81)]

2018-08-09 09:25:06  INFO:************************C:\Users\wenfa\Desktop\iuap-i18n\workbench\iuap_zh_CN.json [com.yonyou.i18n.core.ResourcesFile.writeResourceFile(ResourcesFile.java:80)]

2018-08-09 09:25:06  INFO:************************zh_CN=iuap_zh_CN.json [com.yonyou.i18n.core.ResourcesFile.writeResourceFile(ResourcesFile.java:81)]

2018-08-09 09:25:06  INFO:************************C:\Users\wenfa\Desktop\iuap-i18n\workbench\locales\buyer-claim-judge\components\iuap_en_US.json [com.yonyou.i18n.core.ResourcesFile.writeResourceFileByDirectory(ResourcesFile.java:191)]

2018-08-09 09:25:06  INFO:************************en_US=iuap_en_US.json [com.yonyou.i18n.core.ResourcesFile.writeResourceFileByDirectory(ResourcesFile.java:192)]

2018-08-09 09:25:06  INFO:************************C:\Users\wenfa\Desktop\iuap-i18n\workbench\locales\buyer-claim-judge\components\iuap_zh_CN.json [com.yonyou.i18n.core.ResourcesFile.writeResourceFileByDirectory(ResourcesFile.java:191)]

2018-08-09 09:25:06  INFO:************************zh_CN=iuap_zh_CN.json [com.yonyou.i18n.core.ResourcesFile.writeResourceFileByDirectory(ResourcesFile.java:192)]

2018-08-09 09:25:06  INFO:************************C:\Users\wenfa\Desktop\iuap-i18n\workbench\locales\buyer-claim-judge\components\iuap_en_US.json [com.yonyou.i18n.core.ResourcesFile.writeResourceFileByDirectory(ResourcesFile.java:191)]

2018-08-09 09:25:06  INFO:************************en_US=iuap_en_US.json [com.yonyou.i18n.core.ResourcesFile.writeResourceFileByDirectory(ResourcesFile.java:192)]

2018-08-09 09:25:06  INFO:************************C:\Users\wenfa\Desktop\iuap-i18n\workbench\locales\buyer-claim-judge\components\iuap_zh_CN.json [com.yonyou.i18n.core.ResourcesFile.writeResourceFileByDirectory(ResourcesFile.java:191)]

2018-08-09 09:25:06  INFO:************************zh_CN=iuap_zh_CN.json [com.yonyou.i18n.core.ResourcesFile.writeResourceFileByDirectory(ResourcesFile.java:192)]

2018-08-09 09:25:06  INFO:************************C:\Users\wenfa\Desktop\iuap-i18n\workbench\locales\buyer-claim-judge\components\iuap_en_US.json [com.yonyou.i18n.core.ResourcesFile.writeResourceFileByDirectory(ResourcesFile.java:191)]

2018-08-09 09:25:06  INFO:************************en_US=iuap_en_US.json [com.yonyou.i18n.core.ResourcesFile.writeResourceFileByDirectory(ResourcesFile.java:192)]

2018-08-09 09:25:06  INFO:************************C:\Users\wenfa\Desktop\iuap-i18n\workbench\locales\buyer-claim-judge\components\iuap_zh_CN.json [com.yonyou.i18n.core.ResourcesFile.writeResourceFileByDirectory(ResourcesFile.java:191)]

2018-08-09 09:25:06  INFO:************************zh_CN=iuap_zh_CN.json [com.yonyou.i18n.core.ResourcesFile.writeResourceFileByDirectory(ResourcesFile.java:192)]

2018-08-09 09:25:06  INFO:************************C:\Users\wenfa\Desktop\iuap-i18n\workbench\locales\workbench\buyer-claim-judge\iuap_en_US.json [com.yonyou.i18n.core.ResourcesFile.writeResourceFileByDirectory(ResourcesFile.java:191)]

2018-08-09 09:25:06  INFO:************************en_US=iuap_en_US.json [com.yonyou.i18n.core.ResourcesFile.writeResourceFileByDirectory(ResourcesFile.java:192)]

2018-08-09 09:25:06  INFO:************************C:\Users\wenfa\Desktop\iuap-i18n\workbench\locales\workbench\buyer-claim-judge\iuap_zh_CN.json [com.yonyou.i18n.core.ResourcesFile.writeResourceFileByDirectory(ResourcesFile.java:191)]

2018-08-09 09:25:06  INFO:************************zh_CN=iuap_zh_CN.json [com.yonyou.i18n.core.ResourcesFile.writeResourceFileByDirectory(ResourcesFile.java:192)]

2018-08-09 09:33:48  INFO:---加载待检索文件成功！----------------------------------------------------------------------------------------------------------------------------------------- [com.yonyou.i18n.core.ScanAllFiles.loadNodes(ScanAllFiles.java:62)]

2018-08-09 09:33:48  INFO:--path:--C:\Users\wenfa\Desktop\iuap-i18n\workbench\supplier-claim-confirm\components\index.js [com.yonyou.i18n.core.MatchChar.search(MatchChar.java:58)]

2018-08-09 09:33:48  INFO:--colume:--26--name:--请输入供应商名称或编码 [com.yonyou.i18n.utils.StringUtils.getLineChineseList(StringUtils.java:117)]

2018-08-09 09:33:48  INFO:--info:--{26=请输入供应商名称或编码} [com.yonyou.i18n.core.MatchChar.search(MatchChar.java:93)]

2018-08-09 09:33:48  INFO:--colume:--28--name:--序号 [com.yonyou.i18n.utils.StringUtils.getLineChineseList(StringUtils.java:117)]

2018-08-09 09:33:48  INFO:--info:--{28=序号} [com.yonyou.i18n.core.MatchChar.search(MatchChar.java:93)]

2018-08-09 09:33:48  INFO:--colume:--28--name:--索赔单号 [com.yonyou.i18n.utils.StringUtils.getLineChineseList(StringUtils.java:117)]

2018-08-09 09:33:48  INFO:--info:--{28=索赔单号} [com.yonyou.i18n.core.MatchChar.search(MatchChar.java:93)]

2018-08-09 09:33:48  INFO:--colume:--28--name:--故障单号 [com.yonyou.i18n.utils.StringUtils.getLineChineseList(StringUtils.java:117)]

2018-08-09 09:33:48  INFO:--info:--{28=故障单号} [com.yonyou.i18n.core.MatchChar.search(MatchChar.java:93)]

2018-08-09 09:33:48  INFO:--colume:--28--name:--分类 [com.yonyou.i18n.utils.StringUtils.getLineChineseList(StringUtils.java:117)]

2018-08-09 09:33:48  INFO:--info:--{28=分类} [com.yonyou.i18n.core.MatchChar.search(MatchChar.java:93)]

2018-08-09 09:33:48  INFO:--colume:--49--name:--售后 [com.yonyou.i18n.utils.StringUtils.getLineChineseList(StringUtils.java:117)]

2018-08-09 09:33:48  INFO:--info:--{49=售后} [com.yonyou.i18n.core.MatchChar.search(MatchChar.java:93)]

2018-08-09 09:33:48  INFO:--colume:--49--name:--厂内 [com.yonyou.i18n.utils.StringUtils.getLineChineseList(StringUtils.java:117)]

2018-08-09 09:33:48  INFO:--info:--{49=厂内} [com.yonyou.i18n.core.MatchChar.search(MatchChar.java:93)]

2018-08-09 09:33:48  INFO:--colume:--28--name:--应索赔金额 [com.yonyou.i18n.utils.StringUtils.getLineChineseList(StringUtils.java:117)]

2018-08-09 09:33:48  INFO:--info:--{28=应索赔金额} [com.yonyou.i18n.core.MatchChar.search(MatchChar.java:93)]

2018-08-09 09:33:48  INFO:--colume:--28--name:--实际索赔金额 [com.yonyou.i18n.utils.StringUtils.getLineChineseList(StringUtils.java:117)]

2018-08-09 09:33:48  INFO:--info:--{28=实际索赔金额} [com.yonyou.i18n.core.MatchChar.search(MatchChar.java:93)]

2018-08-09 09:33:48  INFO:--colume:--28--name:--责任方 [com.yonyou.i18n.utils.StringUtils.getLineChineseList(StringUtils.java:117)]

2018-08-09 09:33:48  INFO:--info:--{28=责任方} [com.yonyou.i18n.core.MatchChar.search(MatchChar.java:93)]

2018-08-09 09:33:48  INFO:--colume:--28--name:--供应商代码 [com.yonyou.i18n.utils.StringUtils.getLineChineseList(StringUtils.java:117)]

2018-08-09 09:33:48  INFO:--info:--{28=供应商代码} [com.yonyou.i18n.core.MatchChar.search(MatchChar.java:93)]

2018-08-09 09:33:48  INFO:--colume:--28--name:--供应商名称 [com.yonyou.i18n.utils.StringUtils.getLineChineseList(StringUtils.java:117)]

2018-08-09 09:33:48  INFO:--info:--{28=供应商名称} [com.yonyou.i18n.core.MatchChar.search(MatchChar.java:93)]

2018-08-09 09:33:48  INFO:--colume:--28--name:--数量 [com.yonyou.i18n.utils.StringUtils.getLineChineseList(StringUtils.java:117)]

2018-08-09 09:33:48  INFO:--info:--{28=数量} [com.yonyou.i18n.core.MatchChar.search(MatchChar.java:93)]

2018-08-09 09:33:48  INFO:--colume:--28--name:--使用单位 [com.yonyou.i18n.utils.StringUtils.getLineChineseList(StringUtils.java:117)]

2018-08-09 09:33:48  INFO:--info:--{28=使用单位} [com.yonyou.i18n.core.MatchChar.search(MatchChar.java:93)]

2018-08-09 09:33:48  INFO:--colume:--28--name:--工厂 [com.yonyou.i18n.utils.StringUtils.getLineChineseList(StringUtils.java:117)]

2018-08-09 09:33:48  INFO:--info:--{28=工厂} [com.yonyou.i18n.core.MatchChar.search(MatchChar.java:93)]

2018-08-09 09:33:48  INFO:--colume:--28--name:--主机型号 [com.yonyou.i18n.utils.StringUtils.getLineChineseList(StringUtils.java:117)]

2018-08-09 09:33:48  INFO:--info:--{28=主机型号} [com.yonyou.i18n.core.MatchChar.search(MatchChar.java:93)]

2018-08-09 09:33:48  INFO:--colume:--28--name:--主机编号 [com.yonyou.i18n.utils.StringUtils.getLineChineseList(StringUtils.java:117)]

2018-08-09 09:33:48  INFO:--info:--{28=主机编号} [com.yonyou.i18n.core.MatchChar.search(MatchChar.java:93)]

2018-08-09 09:33:48  INFO:--colume:--28--name:--索赔件编码 [com.yonyou.i18n.utils.StringUtils.getLineChineseList(StringUtils.java:117)]

2018-08-09 09:33:48  INFO:--info:--{28=索赔件编码} [com.yonyou.i18n.core.MatchChar.search(MatchChar.java:93)]

2018-08-09 09:33:48  INFO:--colume:--28--name:--索赔件名称 [com.yonyou.i18n.utils.StringUtils.getLineChineseList(StringUtils.java:117)]

2018-08-09 09:33:48  INFO:--info:--{28=索赔件名称} [com.yonyou.i18n.core.MatchChar.search(MatchChar.java:93)]

2018-08-09 09:33:48  INFO:--colume:--28--name:--故障类型 [com.yonyou.i18n.utils.StringUtils.getLineChineseList(StringUtils.java:117)]

2018-08-09 09:33:48  INFO:--info:--{28=故障类型} [com.yonyou.i18n.core.MatchChar.search(MatchChar.java:93)]

2018-08-09 09:33:48  INFO:--colume:--47--name:--保内 [com.yonyou.i18n.utils.StringUtils.getLineChineseList(StringUtils.java:117)]

2018-08-09 09:33:48  INFO:--info:--{47=保内} [com.yonyou.i18n.core.MatchChar.search(MatchChar.java:93)]

2018-08-09 09:33:48  INFO:--colume:--47--name:--保外 [com.yonyou.i18n.utils.StringUtils.getLineChineseList(StringUtils.java:117)]

2018-08-09 09:33:48  INFO:--info:--{47=保外} [com.yonyou.i18n.core.MatchChar.search(MatchChar.java:93)]

2018-08-09 09:33:48  INFO:--colume:--47--name:--早起故障 [com.yonyou.i18n.utils.StringUtils.getLineChineseList(StringUtils.java:117)]

2018-08-09 09:33:48  INFO:--info:--{47=早起故障} [com.yonyou.i18n.core.MatchChar.search(MatchChar.java:93)]

2018-08-09 09:33:48  INFO:--colume:--28--name:--故障现象 [com.yonyou.i18n.utils.StringUtils.getLineChineseList(StringUtils.java:117)]

2018-08-09 09:33:48  INFO:--info:--{28=故障现象} [com.yonyou.i18n.core.MatchChar.search(MatchChar.java:93)]

2018-08-09 09:33:48  INFO:--colume:--28--name:--赔付新件价格 [com.yonyou.i18n.utils.StringUtils.getLineChineseList(StringUtils.java:117)]

2018-08-09 09:33:48  INFO:--info:--{28=赔付新件价格} [com.yonyou.i18n.core.MatchChar.search(MatchChar.java:93)]

2018-08-09 09:33:48  INFO:--colume:--28--name:--售后工时价格 [com.yonyou.i18n.utils.StringUtils.getLineChineseList(StringUtils.java:117)]

2018-08-09 09:33:48  INFO:--info:--{28=售后工时价格} [com.yonyou.i18n.core.MatchChar.search(MatchChar.java:93)]

2018-08-09 09:33:48  INFO:--colume:--28--name:--人员往返路费 [com.yonyou.i18n.utils.StringUtils.getLineChineseList(StringUtils.java:117)]

2018-08-09 09:33:48  INFO:--info:--{28=人员往返路费} [com.yonyou.i18n.core.MatchChar.search(MatchChar.java:93)]

2018-08-09 09:33:48  INFO:--colume:--28--name:--人员食宿费 [com.yonyou.i18n.utils.StringUtils.getLineChineseList(StringUtils.java:117)]

2018-08-09 09:33:48  INFO:--info:--{28=人员食宿费} [com.yonyou.i18n.core.MatchChar.search(MatchChar.java:93)]

2018-08-09 09:33:48  INFO:--colume:--28--name:--运输费 [com.yonyou.i18n.utils.StringUtils.getLineChineseList(StringUtils.java:117)]

2018-08-09 09:33:48  INFO:--info:--{28=运输费} [com.yonyou.i18n.core.MatchChar.search(MatchChar.java:93)]

2018-08-09 09:33:48  INFO:--colume:--28--name:--油费 [com.yonyou.i18n.utils.StringUtils.getLineChineseList(StringUtils.java:117)]

2018-08-09 09:33:48  INFO:--info:--{28=油费} [com.yonyou.i18n.core.MatchChar.search(MatchChar.java:93)]

2018-08-09 09:33:48  INFO:--colume:--28--name:--厂内工时价格 [com.yonyou.i18n.utils.StringUtils.getLineChineseList(StringUtils.java:117)]

2018-08-09 09:33:48  INFO:--info:--{28=厂内工时价格} [com.yonyou.i18n.core.MatchChar.search(MatchChar.java:93)]

2018-08-09 09:33:48  INFO:--colume:--28--name:--辅料费用 [com.yonyou.i18n.utils.StringUtils.getLineChineseList(StringUtils.java:117)]

2018-08-09 09:33:48  INFO:--info:--{28=辅料费用} [com.yonyou.i18n.core.MatchChar.search(MatchChar.java:93)]

2018-08-09 09:33:48  INFO:--colume:--28--name:--其他费用 [com.yonyou.i18n.utils.StringUtils.getLineChineseList(StringUtils.java:117)]

2018-08-09 09:33:48  INFO:--info:--{28=其他费用} [com.yonyou.i18n.core.MatchChar.search(MatchChar.java:93)]

2018-08-09 09:33:48  INFO:--colume:--28--name:--操作 [com.yonyou.i18n.utils.StringUtils.getLineChineseList(StringUtils.java:117)]

2018-08-09 09:33:48  INFO:--info:--{28=操作} [com.yonyou.i18n.core.MatchChar.search(MatchChar.java:93)]

2018-08-09 09:33:48  INFO:--colume:--127--name:--查看 [com.yonyou.i18n.utils.StringUtils.getLineChineseList(StringUtils.java:117)]

2018-08-09 09:33:48  INFO:--info:--{127=查看} [com.yonyou.i18n.core.MatchChar.search(MatchChar.java:93)]

2018-08-09 09:33:48  INFO:--colume:--127--name:--查看 [com.yonyou.i18n.utils.StringUtils.getLineChineseList(StringUtils.java:117)]

2018-08-09 09:33:48  INFO:--info:--{127=查看} [com.yonyou.i18n.core.MatchChar.search(MatchChar.java:93)]

2018-08-09 09:33:48  INFO:--colume:--118--name:--索赔操作 [com.yonyou.i18n.utils.StringUtils.getLineChineseList(StringUtils.java:117)]

2018-08-09 09:33:48  INFO:--info:--{118=索赔操作} [com.yonyou.i18n.core.MatchChar.search(MatchChar.java:93)]

2018-08-09 09:33:48  INFO:--colume:--23--name:--没有电子签章的供应商必须先上传 [com.yonyou.i18n.utils.StringUtils.getLineChineseList(StringUtils.java:117)]

2018-08-09 09:33:48  INFO:--colume:--41--name:--文件 [com.yonyou.i18n.utils.StringUtils.getLineChineseList(StringUtils.java:117)]

2018-08-09 09:33:48  INFO:--info:--{23=没有电子签章的供应商必须先上传PDF文件} [com.yonyou.i18n.core.MatchChar.search(MatchChar.java:93)]

2018-08-09 09:33:48  INFO:--colume:--19--name:--实际索赔金额跟索赔金额不相等 [com.yonyou.i18n.utils.StringUtils.getLineChineseList(StringUtils.java:117)]

2018-08-09 09:33:48  INFO:--info:--{19=实际索赔金额跟索赔金额不相等} [com.yonyou.i18n.core.MatchChar.search(MatchChar.java:93)]

2018-08-09 09:33:48  INFO:--colume:--47--name:--数据填写错误 [com.yonyou.i18n.utils.StringUtils.getLineChineseList(StringUtils.java:117)]

2018-08-09 09:33:48  INFO:--info:--{47=数据填写错误} [com.yonyou.i18n.core.MatchChar.search(MatchChar.java:93)]

2018-08-09 09:33:48  INFO:--colume:--39--name:--供应商名称： [com.yonyou.i18n.utils.StringUtils.getLineChineseList(StringUtils.java:117)]

2018-08-09 09:33:48  INFO:--info:--{39=供应商名称：} [com.yonyou.i18n.core.MatchChar.search(MatchChar.java:93)]

2018-08-09 09:33:48  INFO:--colume:--39--name:--供应商代码： [com.yonyou.i18n.utils.StringUtils.getLineChineseList(StringUtils.java:117)]

2018-08-09 09:33:48  INFO:--info:--{39=供应商代码：} [com.yonyou.i18n.core.MatchChar.search(MatchChar.java:93)]

2018-08-09 09:33:48  INFO:--colume:--39--name:--索赔单号： [com.yonyou.i18n.utils.StringUtils.getLineChineseList(StringUtils.java:117)]

2018-08-09 09:33:48  INFO:--info:--{39=索赔单号：} [com.yonyou.i18n.core.MatchChar.search(MatchChar.java:93)]

2018-08-09 09:33:48  INFO:--colume:--39--name:--工厂： [com.yonyou.i18n.utils.StringUtils.getLineChineseList(StringUtils.java:117)]

2018-08-09 09:33:48  INFO:--info:--{39=工厂：} [com.yonyou.i18n.core.MatchChar.search(MatchChar.java:93)]

2018-08-09 09:33:48  INFO:--colume:--39--name:--分类： [com.yonyou.i18n.utils.StringUtils.getLineChineseList(StringUtils.java:117)]

2018-08-09 09:33:48  INFO:--info:--{39=分类：} [com.yonyou.i18n.core.MatchChar.search(MatchChar.java:93)]

2018-08-09 09:33:48  INFO:--colume:--53--name:--请选择 [com.yonyou.i18n.utils.StringUtils.getLineChineseList(StringUtils.java:117)]

2018-08-09 09:33:48  INFO:--info:--{53=请选择} [com.yonyou.i18n.core.MatchChar.search(MatchChar.java:93)]

2018-08-09 09:33:48  INFO:--colume:--56--name:--凭证日期： [com.yonyou.i18n.utils.StringUtils.getLineChineseList(StringUtils.java:117)]

2018-08-09 09:33:48  INFO:--info:--{56=凭证日期：} [com.yonyou.i18n.core.MatchChar.search(MatchChar.java:93)]

2018-08-09 09:33:48  INFO:--colume:--50--name:--开始 [com.yonyou.i18n.utils.StringUtils.getLineChineseList(StringUtils.java:117)]

2018-08-09 09:33:48  INFO:--colume:--55--name:--结束 [com.yonyou.i18n.utils.StringUtils.getLineChineseList(StringUtils.java:117)]

2018-08-09 09:33:48  INFO:--info:--{50=开始 ~ 结束} [com.yonyou.i18n.core.MatchChar.search(MatchChar.java:93)]

2018-08-09 09:33:48  INFO:--colume:--60--name:--开始 [com.yonyou.i18n.utils.StringUtils.getLineChineseList(StringUtils.java:117)]

2018-08-09 09:33:48  INFO:--colume:--66--name:--结束 [com.yonyou.i18n.utils.StringUtils.getLineChineseList(StringUtils.java:117)]

2018-08-09 09:33:48  INFO:--info:--{60=开始, 66=结束} [com.yonyou.i18n.core.MatchChar.search(MatchChar.java:93)]

2018-08-09 09:33:48  INFO:--colume:--28--name:--确认 [com.yonyou.i18n.utils.StringUtils.getLineChineseList(StringUtils.java:117)]

2018-08-09 09:33:48  INFO:--info:--{28=确认} [com.yonyou.i18n.core.MatchChar.search(MatchChar.java:93)]

2018-08-09 09:33:48  INFO:无法定位该值：确认 [com.yonyou.i18n.utils.StringUtils.finalParse(StringUtils.java:237)]

2018-08-09 09:33:48  INFO:--colume:--41--name:--索赔信息修改 [com.yonyou.i18n.utils.StringUtils.getLineChineseList(StringUtils.java:117)]

2018-08-09 09:33:48  INFO:--info:--{41=索赔信息修改} [com.yonyou.i18n.core.MatchChar.search(MatchChar.java:93)]

2018-08-09 09:33:48  INFO:--colume:--47--name:--索赔确认： [com.yonyou.i18n.utils.StringUtils.getLineChineseList(StringUtils.java:117)]

2018-08-09 09:33:48  INFO:--info:--{47=索赔确认：} [com.yonyou.i18n.core.MatchChar.search(MatchChar.java:93)]

2018-08-09 09:33:48  INFO:--colume:--47--name:--实际索赔金额： [com.yonyou.i18n.utils.StringUtils.getLineChineseList(StringUtils.java:117)]

2018-08-09 09:33:48  INFO:--info:--{47=实际索赔金额：} [com.yonyou.i18n.core.MatchChar.search(MatchChar.java:93)]

2018-08-09 09:33:48  INFO:--colume:--117--name:--金额 [com.yonyou.i18n.utils.StringUtils.getLineChineseList(StringUtils.java:117)]

2018-08-09 09:33:48  INFO:--colume:--120--name:--限数字 [com.yonyou.i18n.utils.StringUtils.getLineChineseList(StringUtils.java:117)]

2018-08-09 09:33:48  INFO:--colume:--124--name:--小数点取两位 [com.yonyou.i18n.utils.StringUtils.getLineChineseList(StringUtils.java:117)]

2018-08-09 09:33:48  INFO:--info:--{117=金额(限数字,小数点取两位} [com.yonyou.i18n.core.MatchChar.search(MatchChar.java:93)]

2018-08-09 09:33:48  INFO:--colume:--47--name:--货币： [com.yonyou.i18n.utils.StringUtils.getLineChineseList(StringUtils.java:117)]

2018-08-09 09:33:48  INFO:--info:--{47=货币：} [com.yonyou.i18n.core.MatchChar.search(MatchChar.java:93)]

2018-08-09 09:33:48  INFO:--colume:--55--name:--索赔方式： [com.yonyou.i18n.utils.StringUtils.getLineChineseList(StringUtils.java:117)]

2018-08-09 09:33:48  INFO:--info:--{55=索赔方式：} [com.yonyou.i18n.core.MatchChar.search(MatchChar.java:93)]

2018-08-09 09:33:48  INFO:--colume:--71--name:--现金索赔 [com.yonyou.i18n.utils.StringUtils.getLineChineseList(StringUtils.java:117)]

2018-08-09 09:33:48  INFO:--colume:--76--name:--开红票 [com.yonyou.i18n.utils.StringUtils.getLineChineseList(StringUtils.java:117)]

2018-08-09 09:33:48  INFO:--info:--{71=现金索赔-开红票} [com.yonyou.i18n.core.MatchChar.search(MatchChar.java:93)]

2018-08-09 09:33:48  INFO:--colume:--71--name:--现金索赔 [com.yonyou.i18n.utils.StringUtils.getLineChineseList(StringUtils.java:117)]

2018-08-09 09:33:48  INFO:--colume:--76--name:--不开红票 [com.yonyou.i18n.utils.StringUtils.getLineChineseList(StringUtils.java:117)]

2018-08-09 09:33:48  INFO:--info:--{71=现金索赔-不开红票} [com.yonyou.i18n.core.MatchChar.search(MatchChar.java:93)]

2018-08-09 09:33:48  INFO:--colume:--158--name:--金额 [com.yonyou.i18n.utils.StringUtils.getLineChineseList(StringUtils.java:117)]

2018-08-09 09:33:48  INFO:--info:--{158=金额} [com.yonyou.i18n.core.MatchChar.search(MatchChar.java:93)]

2018-08-09 09:33:48  INFO:--colume:--53--name:--实物索赔 [com.yonyou.i18n.utils.StringUtils.getLineChineseList(StringUtils.java:117)]

2018-08-09 09:33:48  INFO:--info:--{53=实物索赔} [com.yonyou.i18n.core.MatchChar.search(MatchChar.java:93)]

2018-08-09 09:33:48  INFO:--colume:--141--name:--金额 [com.yonyou.i18n.utils.StringUtils.getLineChineseList(StringUtils.java:117)]

2018-08-09 09:33:48  INFO:--info:--{141=金额} [com.yonyou.i18n.core.MatchChar.search(MatchChar.java:93)]

2018-08-09 09:33:48  INFO:--colume:--53--name:--免费维修 [com.yonyou.i18n.utils.StringUtils.getLineChineseList(StringUtils.java:117)]

2018-08-09 09:33:48  INFO:--info:--{53=免费维修} [com.yonyou.i18n.core.MatchChar.search(MatchChar.java:93)]

2018-08-09 09:33:48  INFO:无法定位该值：免费维修 [com.yonyou.i18n.utils.StringUtils.finalParse(StringUtils.java:237)]

2018-08-09 09:33:48  INFO:--colume:--143--name:--金额 [com.yonyou.i18n.utils.StringUtils.getLineChineseList(StringUtils.java:117)]

2018-08-09 09:33:48  INFO:--info:--{143=金额} [com.yonyou.i18n.core.MatchChar.search(MatchChar.java:93)]

2018-08-09 09:33:48  INFO:--colume:--53--name:--现金收入 [com.yonyou.i18n.utils.StringUtils.getLineChineseList(StringUtils.java:117)]

2018-08-09 09:33:48  INFO:--info:--{53=现金收入} [com.yonyou.i18n.core.MatchChar.search(MatchChar.java:93)]

2018-08-09 09:33:48  INFO:无法定位该值：现金收入 [com.yonyou.i18n.utils.StringUtils.finalParse(StringUtils.java:237)]

2018-08-09 09:33:48  INFO:--colume:--143--name:--金额 [com.yonyou.i18n.utils.StringUtils.getLineChineseList(StringUtils.java:117)]

2018-08-09 09:33:48  INFO:--info:--{143=金额} [com.yonyou.i18n.core.MatchChar.search(MatchChar.java:93)]

2018-08-09 09:33:48  INFO:--colume:--53--name:--抵扣应付款 [com.yonyou.i18n.utils.StringUtils.getLineChineseList(StringUtils.java:117)]

2018-08-09 09:33:48  INFO:--info:--{53=抵扣应付款} [com.yonyou.i18n.core.MatchChar.search(MatchChar.java:93)]

2018-08-09 09:33:48  INFO:无法定位该值：抵扣应付款 [com.yonyou.i18n.utils.StringUtils.finalParse(StringUtils.java:237)]

2018-08-09 09:33:48  INFO:--colume:--141--name:--金额 [com.yonyou.i18n.utils.StringUtils.getLineChineseList(StringUtils.java:117)]

2018-08-09 09:33:48  INFO:--info:--{141=金额} [com.yonyou.i18n.core.MatchChar.search(MatchChar.java:93)]

2018-08-09 09:33:48  INFO:--colume:--71--name:--索赔申请单下载： [com.yonyou.i18n.utils.StringUtils.getLineChineseList(StringUtils.java:117)]

2018-08-09 09:33:48  INFO:--info:--{71=索赔申请单下载：} [com.yonyou.i18n.core.MatchChar.search(MatchChar.java:93)]

2018-08-09 09:33:48  INFO:--colume:--71--name:--索赔申请单上传： [com.yonyou.i18n.utils.StringUtils.getLineChineseList(StringUtils.java:117)]

2018-08-09 09:33:48  INFO:--info:--{71=索赔申请单上传：} [com.yonyou.i18n.core.MatchChar.search(MatchChar.java:93)]

2018-08-09 09:33:48  INFO:--colume:--71--name:--加盖电子签章： [com.yonyou.i18n.utils.StringUtils.getLineChineseList(StringUtils.java:117)]

2018-08-09 09:33:48  INFO:--info:--{71=加盖电子签章：} [com.yonyou.i18n.core.MatchChar.search(MatchChar.java:93)]

2018-08-09 09:33:48  INFO:--colume:--68--name:--电子签章 [com.yonyou.i18n.utils.StringUtils.getLineChineseList(StringUtils.java:117)]

2018-08-09 09:33:48  INFO:--info:--{68=电子签章} [com.yonyou.i18n.core.MatchChar.search(MatchChar.java:93)]

2018-08-09 09:33:48  INFO:无法定位该值：电子签章 [com.yonyou.i18n.utils.StringUtils.finalParse(StringUtils.java:237)]

2018-08-09 09:33:48  INFO:--colume:--71--name:--索赔申请单下载： [com.yonyou.i18n.utils.StringUtils.getLineChineseList(StringUtils.java:117)]

2018-08-09 09:33:48  INFO:--info:--{71=索赔申请单下载：} [com.yonyou.i18n.core.MatchChar.search(MatchChar.java:93)]

2018-08-09 09:33:48  INFO:--colume:--71--name:--索赔申请单上传： [com.yonyou.i18n.utils.StringUtils.getLineChineseList(StringUtils.java:117)]

2018-08-09 09:33:48  INFO:--info:--{71=索赔申请单上传：} [com.yonyou.i18n.core.MatchChar.search(MatchChar.java:93)]

2018-08-09 09:33:48  INFO:--colume:--59--name:--拒绝索赔： [com.yonyou.i18n.utils.StringUtils.getLineChineseList(StringUtils.java:117)]

2018-08-09 09:33:48  INFO:--info:--{59=拒绝索赔：} [com.yonyou.i18n.core.MatchChar.search(MatchChar.java:93)]

2018-08-09 09:33:48  INFO:--colume:--75--name:--质量责任非我司 [com.yonyou.i18n.utils.StringUtils.getLineChineseList(StringUtils.java:117)]

2018-08-09 09:33:48  INFO:--info:--{75=质量责任非我司} [com.yonyou.i18n.core.MatchChar.search(MatchChar.java:93)]

2018-08-09 09:33:48  INFO:--colume:--75--name:--索赔金额有异议 [com.yonyou.i18n.utils.StringUtils.getLineChineseList(StringUtils.java:117)]

2018-08-09 09:33:48  INFO:--info:--{75=索赔金额有异议} [com.yonyou.i18n.core.MatchChar.search(MatchChar.java:93)]

2018-08-09 09:33:48  INFO:--colume:--75--name:--故障件未回司 [com.yonyou.i18n.utils.StringUtils.getLineChineseList(StringUtils.java:117)]

2018-08-09 09:33:48  INFO:--info:--{75=故障件未回司} [com.yonyou.i18n.core.MatchChar.search(MatchChar.java:93)]

2018-08-09 09:33:48  INFO:--colume:--75--name:--无法确认 [com.yonyou.i18n.utils.StringUtils.getLineChineseList(StringUtils.java:117)]

2018-08-09 09:33:48  INFO:--info:--{75=无法确认} [com.yonyou.i18n.core.MatchChar.search(MatchChar.java:93)]

2018-08-09 09:33:48  INFO:--colume:--59--name:--供应商意见反馈： [com.yonyou.i18n.utils.StringUtils.getLineChineseList(StringUtils.java:117)]

2018-08-09 09:33:48  INFO:--info:--{59=供应商意见反馈：} [com.yonyou.i18n.core.MatchChar.search(MatchChar.java:93)]

2018-08-09 09:33:48  INFO:--colume:--64--name:--限制输入 [com.yonyou.i18n.utils.StringUtils.getLineChineseList(StringUtils.java:117)]

2018-08-09 09:33:48  INFO:--colume:--71--name:--个字 [com.yonyou.i18n.utils.StringUtils.getLineChineseList(StringUtils.java:117)]

2018-08-09 09:33:48  INFO:--info:--{64=限制输入300个字} [com.yonyou.i18n.core.MatchChar.search(MatchChar.java:93)]

2018-08-09 09:33:48  INFO:--colume:--32--name:--取消 [com.yonyou.i18n.utils.StringUtils.getLineChineseList(StringUtils.java:117)]

2018-08-09 09:33:48  INFO:--info:--{32=取消} [com.yonyou.i18n.core.MatchChar.search(MatchChar.java:93)]

2018-08-09 09:33:48  INFO:无法定位该值：取消 [com.yonyou.i18n.utils.StringUtils.finalParse(StringUtils.java:237)]

2018-08-09 09:33:48  INFO:--colume:--32--name:--提交 [com.yonyou.i18n.utils.StringUtils.getLineChineseList(StringUtils.java:117)]

2018-08-09 09:33:48  INFO:--info:--{32=提交} [com.yonyou.i18n.core.MatchChar.search(MatchChar.java:93)]

2018-08-09 09:33:48  INFO:无法定位该值：提交 [com.yonyou.i18n.utils.StringUtils.finalParse(StringUtils.java:237)]

2018-08-09 09:33:48  INFO:--path:--C:\Users\wenfa\Desktop\iuap-i18n\workbench\supplier-claim-confirm\container.js [com.yonyou.i18n.core.MatchChar.search(MatchChar.java:58)]

2018-08-09 09:33:48  INFO:--path:--C:\Users\wenfa\Desktop\iuap-i18n\workbench\supplier-claim-confirm\models.js [com.yonyou.i18n.core.MatchChar.search(MatchChar.java:58)]

2018-08-09 09:33:48  INFO:--colume:--22--name:--创建 [com.yonyou.i18n.utils.StringUtils.getLineChineseList(StringUtils.java:117)]

2018-08-09 09:33:48  INFO:--info:--{22=创建} [com.yonyou.i18n.core.MatchChar.search(MatchChar.java:93)]

2018-08-09 09:33:48  INFO:--colume:--22--name:--保存 [com.yonyou.i18n.utils.StringUtils.getLineChineseList(StringUtils.java:117)]

2018-08-09 09:33:48  INFO:--info:--{22=保存} [com.yonyou.i18n.core.MatchChar.search(MatchChar.java:93)]

2018-08-09 09:33:48  INFO:--colume:--22--name:--确认 [com.yonyou.i18n.utils.StringUtils.getLineChineseList(StringUtils.java:117)]

2018-08-09 09:33:48  INFO:--info:--{22=确认} [com.yonyou.i18n.core.MatchChar.search(MatchChar.java:93)]

2018-08-09 09:33:48  INFO:--colume:--22--name:--关闭 [com.yonyou.i18n.utils.StringUtils.getLineChineseList(StringUtils.java:117)]

2018-08-09 09:33:48  INFO:--info:--{22=关闭} [com.yonyou.i18n.core.MatchChar.search(MatchChar.java:93)]

2018-08-09 09:33:48  INFO:--colume:--20--name:--厂内 [com.yonyou.i18n.utils.StringUtils.getLineChineseList(StringUtils.java:117)]

2018-08-09 09:33:48  INFO:--info:--{20=厂内} [com.yonyou.i18n.core.MatchChar.search(MatchChar.java:93)]

2018-08-09 09:33:48  INFO:--colume:--20--name:--售后 [com.yonyou.i18n.utils.StringUtils.getLineChineseList(StringUtils.java:117)]

2018-08-09 09:33:48  INFO:--info:--{20=售后} [com.yonyou.i18n.core.MatchChar.search(MatchChar.java:93)]

2018-08-09 09:33:48  INFO:--colume:--20--name:--同意 [com.yonyou.i18n.utils.StringUtils.getLineChineseList(StringUtils.java:117)]

2018-08-09 09:33:48  INFO:--info:--{20=同意} [com.yonyou.i18n.core.MatchChar.search(MatchChar.java:93)]

2018-08-09 09:33:48  INFO:--colume:--20--name:--不同意 [com.yonyou.i18n.utils.StringUtils.getLineChineseList(StringUtils.java:117)]

2018-08-09 09:33:48  INFO:--info:--{20=不同意} [com.yonyou.i18n.core.MatchChar.search(MatchChar.java:93)]

2018-08-09 09:33:48  INFO:--colume:--65--name:--保存成功 [com.yonyou.i18n.utils.StringUtils.getLineChineseList(StringUtils.java:117)]

2018-08-09 09:33:48  INFO:--info:--{65=保存成功} [com.yonyou.i18n.core.MatchChar.search(MatchChar.java:93)]

2018-08-09 09:33:48  INFO:--colume:--15--name:--保存失败 [com.yonyou.i18n.utils.StringUtils.getLineChineseList(StringUtils.java:117)]

2018-08-09 09:33:48  INFO:--info:--{15=保存失败} [com.yonyou.i18n.core.MatchChar.search(MatchChar.java:93)]

2018-08-09 09:33:48  INFO:--colume:--15--name:--实际索赔金额跟索赔金额不相等 [com.yonyou.i18n.utils.StringUtils.getLineChineseList(StringUtils.java:117)]

2018-08-09 09:33:48  INFO:--info:--{15=实际索赔金额跟索赔金额不相等} [com.yonyou.i18n.core.MatchChar.search(MatchChar.java:93)]

2018-08-09 09:33:48  INFO:--colume:--54--name:--导出成功 [com.yonyou.i18n.utils.StringUtils.getLineChineseList(StringUtils.java:117)]

2018-08-09 09:33:48  INFO:--info:--{54=导出成功} [com.yonyou.i18n.core.MatchChar.search(MatchChar.java:93)]

2018-08-09 09:33:48  INFO:--path:--C:\Users\wenfa\Desktop\iuap-i18n\workbench\supplier-claim-confirm\services.js [com.yonyou.i18n.core.MatchChar.search(MatchChar.java:58)]

2018-08-09 09:33:48  INFO:************************C:\Users\wenfa\Desktop\iuap-i18n\workbench\iuap_en_US.json [com.yonyou.i18n.core.ResourcesFile.writeResourceFile(ResourcesFile.java:80)]

2018-08-09 09:33:48  INFO:************************en_US=iuap_en_US.json [com.yonyou.i18n.core.ResourcesFile.writeResourceFile(ResourcesFile.java:81)]

2018-08-09 09:33:48  INFO:************************C:\Users\wenfa\Desktop\iuap-i18n\workbench\iuap_zh_CN.json [com.yonyou.i18n.core.ResourcesFile.writeResourceFile(ResourcesFile.java:80)]

2018-08-09 09:33:48  INFO:************************zh_CN=iuap_zh_CN.json [com.yonyou.i18n.core.ResourcesFile.writeResourceFile(ResourcesFile.java:81)]

2018-08-09 09:33:48  INFO:************************C:\Users\wenfa\Desktop\iuap-i18n\workbench\locales\supplier-claim-confirm\components\iuap_en_US.json [com.yonyou.i18n.core.ResourcesFile.writeResourceFileByDirectory(ResourcesFile.java:191)]

2018-08-09 09:33:48  INFO:************************en_US=iuap_en_US.json [com.yonyou.i18n.core.ResourcesFile.writeResourceFileByDirectory(ResourcesFile.java:192)]

2018-08-09 09:33:48  INFO:************************C:\Users\wenfa\Desktop\iuap-i18n\workbench\locales\supplier-claim-confirm\components\iuap_zh_CN.json [com.yonyou.i18n.core.ResourcesFile.writeResourceFileByDirectory(ResourcesFile.java:191)]

2018-08-09 09:33:48  INFO:************************zh_CN=iuap_zh_CN.json [com.yonyou.i18n.core.ResourcesFile.writeResourceFileByDirectory(ResourcesFile.java:192)]

2018-08-09 09:33:48  INFO:************************C:\Users\wenfa\Desktop\iuap-i18n\workbench\locales\workbench\supplier-claim-confirm\iuap_en_US.json [com.yonyou.i18n.core.ResourcesFile.writeResourceFileByDirectory(ResourcesFile.java:191)]

2018-08-09 09:33:48  INFO:************************en_US=iuap_en_US.json [com.yonyou.i18n.core.ResourcesFile.writeResourceFileByDirectory(ResourcesFile.java:192)]

2018-08-09 09:33:48  INFO:************************C:\Users\wenfa\Desktop\iuap-i18n\workbench\locales\workbench\supplier-claim-confirm\iuap_zh_CN.json [com.yonyou.i18n.core.ResourcesFile.writeResourceFileByDirectory(ResourcesFile.java:191)]

2018-08-09 09:33:48  INFO:************************zh_CN=iuap_zh_CN.json [com.yonyou.i18n.core.ResourcesFile.writeResourceFileByDirectory(ResourcesFile.java:192)]

2018-08-09 09:44:46  INFO:---加载待检索文件成功！----------------------------------------------------------------------------------------------------------------------------------------- [com.yonyou.i18n.core.ScanAllFiles.loadNodes(ScanAllFiles.java:62)]

2018-08-09 09:44:46  INFO:--path:--C:\Users\wenfa\Desktop\iuap-i18n\workbench\claim\controller\ClaimController.java [com.yonyou.i18n.core.MatchChar.search(MatchChar.java:58)]

2018-08-09 09:44:46  INFO:--colume:--22--name:--数据处理成功 [com.yonyou.i18n.utils.StringUtils.getLineChineseList(StringUtils.java:117)]

2018-08-09 09:44:46  INFO:--colume:--34--name:--消息文本（成功，失败） [com.yonyou.i18n.utils.StringUtils.getLineChineseList(StringUtils.java:117)]

2018-08-09 09:44:46  INFO:--info:--{22=数据处理成功, 34=消息文本（成功，失败）} [com.yonyou.i18n.core.MatchChar.search(MatchChar.java:93)]

2018-08-09 09:44:46  INFO:无法定位该值：消息文本（成功，失败） [com.yonyou.i18n.utils.StringUtils.finalParse(StringUtils.java:237)]

2018-08-09 09:44:46  INFO:--colume:--25--name:--数据插入失败 [com.yonyou.i18n.utils.StringUtils.getLineChineseList(StringUtils.java:117)]

2018-08-09 09:44:46  INFO:--colume:--32--name:--故障单号 [com.yonyou.i18n.utils.StringUtils.getLineChineseList(StringUtils.java:117)]

2018-08-09 09:44:46  INFO:--colume:--65--name:--已存在 [com.yonyou.i18n.utils.StringUtils.getLineChineseList(StringUtils.java:117)]

2018-08-09 09:44:46  INFO:--info:--{25=数据插入失败,故障单号, 65=已存在} [com.yonyou.i18n.core.MatchChar.search(MatchChar.java:93)]

2018-08-09 09:44:46  INFO:--colume:--21--name:--此处模拟审批 [com.yonyou.i18n.utils.StringUtils.getLineChineseList(StringUtils.java:117)]

2018-08-09 09:44:46  INFO:--info:--{21=此处模拟审批} [com.yonyou.i18n.core.MatchChar.search(MatchChar.java:93)]

2018-08-09 09:44:46  INFO:--colume:--22--name:--数据处理成功 [com.yonyou.i18n.utils.StringUtils.getLineChineseList(StringUtils.java:117)]

2018-08-09 09:44:46  INFO:--colume:--34--name:--消息文本（成功，失败） [com.yonyou.i18n.utils.StringUtils.getLineChineseList(StringUtils.java:117)]

2018-08-09 09:44:46  INFO:--info:--{22=数据处理成功, 34=消息文本（成功，失败）} [com.yonyou.i18n.core.MatchChar.search(MatchChar.java:93)]

2018-08-09 09:44:46  INFO:无法定位该值：消息文本（成功，失败） [com.yonyou.i18n.utils.StringUtils.finalParse(StringUtils.java:237)]

2018-08-09 09:44:46  INFO:--colume:--43--name:--索赔单号 [com.yonyou.i18n.utils.StringUtils.getLineChineseList(StringUtils.java:117)]

2018-08-09 09:44:46  INFO:--colume:--50--name:--故障单号 [com.yonyou.i18n.utils.StringUtils.getLineChineseList(StringUtils.java:117)]

2018-08-09 09:44:46  INFO:--colume:--57--name:--分类 [com.yonyou.i18n.utils.StringUtils.getLineChineseList(StringUtils.java:117)]

2018-08-09 09:44:46  INFO:--colume:--62--name:--应索赔金额 [com.yonyou.i18n.utils.StringUtils.getLineChineseList(StringUtils.java:117)]

2018-08-09 09:44:46  INFO:--colume:--70--name:--实际索赔金额 [com.yonyou.i18n.utils.StringUtils.getLineChineseList(StringUtils.java:117)]

2018-08-09 09:44:46  INFO:--colume:--79--name:--责任方 [com.yonyou.i18n.utils.StringUtils.getLineChineseList(StringUtils.java:117)]

2018-08-09 09:44:46  INFO:--colume:--85--name:--供应商代码 [com.yonyou.i18n.utils.StringUtils.getLineChineseList(StringUtils.java:117)]

2018-08-09 09:44:46  INFO:--colume:--93--name:--供应商名称 [com.yonyou.i18n.utils.StringUtils.getLineChineseList(StringUtils.java:117)]

2018-08-09 09:44:46  INFO:--colume:--101--name:--数量 [com.yonyou.i18n.utils.StringUtils.getLineChineseList(StringUtils.java:117)]

2018-08-09 09:44:46  INFO:--colume:--106--name:--使用单位 [com.yonyou.i18n.utils.StringUtils.getLineChineseList(StringUtils.java:117)]

2018-08-09 09:44:46  INFO:--colume:--113--name:--工厂 [com.yonyou.i18n.utils.StringUtils.getLineChineseList(StringUtils.java:117)]

2018-08-09 09:44:46  INFO:--colume:--118--name:--主机型号 [com.yonyou.i18n.utils.StringUtils.getLineChineseList(StringUtils.java:117)]

2018-08-09 09:44:46  INFO:--colume:--125--name:--主机编号 [com.yonyou.i18n.utils.StringUtils.getLineChineseList(StringUtils.java:117)]

2018-08-09 09:44:46  INFO:--info:--{43=索赔单号, 50=故障单号, 57=分类, 62=应索赔金额, 70=实际索赔金额, 79=责任方, 85=供应商代码, 93=供应商名称, 101=数量, 106=使用单位, 113=工厂, 118=主机型号, 125=主机编号} [com.yonyou.i18n.core.MatchChar.search(MatchChar.java:93)]

2018-08-09 09:44:46  INFO:--colume:--13--name:--索赔件编码 [com.yonyou.i18n.utils.StringUtils.getLineChineseList(StringUtils.java:117)]

2018-08-09 09:44:46  INFO:--colume:--21--name:--索赔件名称 [com.yonyou.i18n.utils.StringUtils.getLineChineseList(StringUtils.java:117)]

2018-08-09 09:44:46  INFO:--colume:--29--name:--故障类型 [com.yonyou.i18n.utils.StringUtils.getLineChineseList(StringUtils.java:117)]

2018-08-09 09:44:46  INFO:--colume:--36--name:--故障现象 [com.yonyou.i18n.utils.StringUtils.getLineChineseList(StringUtils.java:117)]

2018-08-09 09:44:46  INFO:--colume:--43--name:--赔付新件价格 [com.yonyou.i18n.utils.StringUtils.getLineChineseList(StringUtils.java:117)]

2018-08-09 09:44:46  INFO:--colume:--52--name:--售后工时价格 [com.yonyou.i18n.utils.StringUtils.getLineChineseList(StringUtils.java:117)]

2018-08-09 09:44:46  INFO:--colume:--61--name:--人员往返路费 [com.yonyou.i18n.utils.StringUtils.getLineChineseList(StringUtils.java:117)]

2018-08-09 09:44:46  INFO:--colume:--70--name:--人员食宿费 [com.yonyou.i18n.utils.StringUtils.getLineChineseList(StringUtils.java:117)]

2018-08-09 09:44:46  INFO:--colume:--78--name:--运输费 [com.yonyou.i18n.utils.StringUtils.getLineChineseList(StringUtils.java:117)]

2018-08-09 09:44:46  INFO:--colume:--84--name:--油费 [com.yonyou.i18n.utils.StringUtils.getLineChineseList(StringUtils.java:117)]

2018-08-09 09:44:46  INFO:--colume:--89--name:--厂内工时价格 [com.yonyou.i18n.utils.StringUtils.getLineChineseList(StringUtils.java:117)]

2018-08-09 09:44:46  INFO:--colume:--98--name:--辅料费用 [com.yonyou.i18n.utils.StringUtils.getLineChineseList(StringUtils.java:117)]

2018-08-09 09:44:46  INFO:--colume:--105--name:--其他费用 [com.yonyou.i18n.utils.StringUtils.getLineChineseList(StringUtils.java:117)]

2018-08-09 09:44:46  INFO:--info:--{13=索赔件编码, 21=索赔件名称, 29=故障类型, 36=故障现象, 43=赔付新件价格, 52=售后工时价格, 61=人员往返路费, 70=人员食宿费, 78=运输费, 84=油费, 89=厂内工时价格, 98=辅料费用, 105=其他费用} [com.yonyou.i18n.core.MatchChar.search(MatchChar.java:93)]

2018-08-09 09:44:46  INFO:--colume:--62--name:--采购商索赔信息列表 [com.yonyou.i18n.utils.StringUtils.getLineChineseList(StringUtils.java:117)]

2018-08-09 09:44:46  INFO:--info:--{62=采购商索赔信息列表} [com.yonyou.i18n.core.MatchChar.search(MatchChar.java:93)]

2018-08-09 09:44:46  INFO:--colume:--89--name:--采购商索赔信息列表 [com.yonyou.i18n.utils.StringUtils.getLineChineseList(StringUtils.java:117)]

2018-08-09 09:44:46  INFO:--info:--{89=采购商索赔信息列表} [com.yonyou.i18n.core.MatchChar.search(MatchChar.java:93)]

2018-08-09 09:44:46  INFO:--colume:--27--name:--上传成功 [com.yonyou.i18n.utils.StringUtils.getLineChineseList(StringUtils.java:117)]

2018-08-09 09:44:46  INFO:--info:--{27=上传成功} [com.yonyou.i18n.core.MatchChar.search(MatchChar.java:93)]

2018-08-09 09:44:46  INFO:--colume:--62--name:--索赔单号 [com.yonyou.i18n.utils.StringUtils.getLineChineseList(StringUtils.java:117)]

2018-08-09 09:44:46  INFO:--colume:--77--name:--故障单号 [com.yonyou.i18n.utils.StringUtils.getLineChineseList(StringUtils.java:117)]

2018-08-09 09:44:46  INFO:--colume:--95--name:--分类 [com.yonyou.i18n.utils.StringUtils.getLineChineseList(StringUtils.java:117)]

2018-08-09 09:44:46  INFO:--colume:--114--name:--应索赔金额 [com.yonyou.i18n.utils.StringUtils.getLineChineseList(StringUtils.java:117)]

2018-08-09 09:44:46  INFO:--colume:--133--name:--实际索赔金额 [com.yonyou.i18n.utils.StringUtils.getLineChineseList(StringUtils.java:117)]

2018-08-09 09:44:46  INFO:--colume:--147--name:--责任方 [com.yonyou.i18n.utils.StringUtils.getLineChineseList(StringUtils.java:117)]

2018-08-09 09:44:46  INFO:--colume:--166--name:--供应商代码 [com.yonyou.i18n.utils.StringUtils.getLineChineseList(StringUtils.java:117)]

2018-08-09 09:44:46  INFO:--colume:--187--name:--供应商名称 [com.yonyou.i18n.utils.StringUtils.getLineChineseList(StringUtils.java:117)]

2018-08-09 09:44:46  INFO:--info:--{62=索赔单号, 77=故障单号, 95=分类, 114=应索赔金额, 133=实际索赔金额, 147=责任方, 166=供应商代码, 187=供应商名称} [com.yonyou.i18n.core.MatchChar.search(MatchChar.java:93)]

2018-08-09 09:44:46  INFO:--colume:--17--name:--数量 [com.yonyou.i18n.utils.StringUtils.getLineChineseList(StringUtils.java:117)]

2018-08-09 09:44:46  INFO:--colume:--32--name:--使用单位 [com.yonyou.i18n.utils.StringUtils.getLineChineseList(StringUtils.java:117)]

2018-08-09 09:44:46  INFO:--colume:--47--name:--工厂 [com.yonyou.i18n.utils.StringUtils.getLineChineseList(StringUtils.java:117)]

2018-08-09 09:44:46  INFO:--colume:--62--name:--主机型号 [com.yonyou.i18n.utils.StringUtils.getLineChineseList(StringUtils.java:117)]

2018-08-09 09:44:46  INFO:--colume:--77--name:--主机编号 [com.yonyou.i18n.utils.StringUtils.getLineChineseList(StringUtils.java:117)]

2018-08-09 09:44:46  INFO:--colume:--93--name:--索赔件编码 [com.yonyou.i18n.utils.StringUtils.getLineChineseList(StringUtils.java:117)]

2018-08-09 09:44:46  INFO:--colume:--111--name:--索赔件名称 [com.yonyou.i18n.utils.StringUtils.getLineChineseList(StringUtils.java:117)]

2018-08-09 09:44:46  INFO:--colume:--127--name:--故障类型 [com.yonyou.i18n.utils.StringUtils.getLineChineseList(StringUtils.java:117)]

2018-08-09 09:44:46  INFO:--colume:--142--name:--故障现象 [com.yonyou.i18n.utils.StringUtils.getLineChineseList(StringUtils.java:117)]

2018-08-09 09:44:46  INFO:--colume:--168--name:--赔付新件价格 [com.yonyou.i18n.utils.StringUtils.getLineChineseList(StringUtils.java:117)]

2018-08-09 09:44:46  INFO:--info:--{17=数量, 32=使用单位, 47=工厂, 62=主机型号, 77=主机编号, 93=索赔件编码, 111=索赔件名称, 127=故障类型, 142=故障现象, 168=赔付新件价格} [com.yonyou.i18n.core.MatchChar.search(MatchChar.java:93)]

2018-08-09 09:44:46  INFO:--colume:--26--name:--售后工时价格 [com.yonyou.i18n.utils.StringUtils.getLineChineseList(StringUtils.java:117)]

2018-08-09 09:44:46  INFO:--colume:--45--name:--人员往返路费 [com.yonyou.i18n.utils.StringUtils.getLineChineseList(StringUtils.java:117)]

2018-08-09 09:44:46  INFO:--colume:--68--name:--人员食宿费 [com.yonyou.i18n.utils.StringUtils.getLineChineseList(StringUtils.java:117)]

2018-08-09 09:44:46  INFO:--colume:--90--name:--运输费 [com.yonyou.i18n.utils.StringUtils.getLineChineseList(StringUtils.java:117)]

2018-08-09 09:44:46  INFO:--colume:--104--name:--油费 [com.yonyou.i18n.utils.StringUtils.getLineChineseList(StringUtils.java:117)]

2018-08-09 09:44:46  INFO:--colume:--123--name:--厂内工时价格 [com.yonyou.i18n.utils.StringUtils.getLineChineseList(StringUtils.java:117)]

2018-08-09 09:44:46  INFO:--colume:--142--name:--辅料费用 [com.yonyou.i18n.utils.StringUtils.getLineChineseList(StringUtils.java:117)]

2018-08-09 09:44:46  INFO:--colume:--160--name:--其他费用 [com.yonyou.i18n.utils.StringUtils.getLineChineseList(StringUtils.java:117)]

2018-08-09 09:44:46  INFO:--info:--{26=售后工时价格, 45=人员往返路费, 68=人员食宿费, 90=运输费, 104=油费, 123=厂内工时价格, 142=辅料费用, 160=其他费用} [com.yonyou.i18n.core.MatchChar.search(MatchChar.java:93)]

2018-08-09 09:44:46  INFO:************************C:\Users\wenfa\Desktop\iuap-i18n\workbench\iuap_en_US.properties [com.yonyou.i18n.core.ResourcesFile.writeResourceFile(ResourcesFile.java:80)]

2018-08-09 09:44:46  INFO:************************en_US=iuap_en_US.properties [com.yonyou.i18n.core.ResourcesFile.writeResourceFile(ResourcesFile.java:81)]

2018-08-09 09:44:46  INFO:************************C:\Users\wenfa\Desktop\iuap-i18n\workbench\iuap_zh_CN.properties [com.yonyou.i18n.core.ResourcesFile.writeResourceFile(ResourcesFile.java:80)]

2018-08-09 09:44:46  INFO:************************zh_CN=iuap_zh_CN.properties [com.yonyou.i18n.core.ResourcesFile.writeResourceFile(ResourcesFile.java:81)]

2018-08-09 09:44:46  INFO:************************C:\Users\wenfa\Desktop\iuap-i18n\workbench\locales\claim\controller\iuap_en_US.properties [com.yonyou.i18n.core.ResourcesFile.writeResourceFileByDirectory(ResourcesFile.java:191)]

2018-08-09 09:44:46  INFO:************************en_US=iuap_en_US.properties [com.yonyou.i18n.core.ResourcesFile.writeResourceFileByDirectory(ResourcesFile.java:192)]

2018-08-09 09:44:46  INFO:************************C:\Users\wenfa\Desktop\iuap-i18n\workbench\locales\claim\controller\iuap_zh_CN.properties [com.yonyou.i18n.core.ResourcesFile.writeResourceFileByDirectory(ResourcesFile.java:191)]

2018-08-09 09:44:46  INFO:************************zh_CN=iuap_zh_CN.properties [com.yonyou.i18n.core.ResourcesFile.writeResourceFileByDirectory(ResourcesFile.java:192)]

